SF:/Users/ravindraboddipalli/sources/xdl/xdl-cli/src/main.rs
FN:153,_RNCNvCsfppDzaQcbXx_3xdl10check_file0B3_
FN:132,_RNCNvCsfppDzaQcbXx_3xdl10parse_file0B3_
FN:217,_RNCNvCsfppDzaQcbXx_3xdl12execute_file0B3_
FN:223,_RNCNvCsfppDzaQcbXx_3xdl12execute_files0_0B3_
FN:220,_RNCNvCsfppDzaQcbXx_3xdl12execute_files_0B3_
FN:149,_RNvCsfppDzaQcbXx_3xdl10check_file
FN:128,_RNvCsfppDzaQcbXx_3xdl10parse_file
FN:213,_RNvCsfppDzaQcbXx_3xdl12execute_file
FN:122,_RNvCsfppDzaQcbXx_3xdl13print_version
FN:175,_RNvCsfppDzaQcbXx_3xdl15execute_command
FN:239,_RNvCsfppDzaQcbXx_3xdl16format_xdl_value
FN:113,_RNvCsfppDzaQcbXx_3xdl21print_startup_message
FN:91,_RNvCsfppDzaQcbXx_3xdl3run
FN:70,_RNvCsfppDzaQcbXx_3xdl4main
FN:167,_RNvCsfppDzaQcbXx_3xdl9run_tests
FNDA:0,_RNCNvCsfppDzaQcbXx_3xdl10check_file0B3_
FNDA:0,_RNCNvCsfppDzaQcbXx_3xdl10parse_file0B3_
FNDA:0,_RNCNvCsfppDzaQcbXx_3xdl12execute_file0B3_
FNDA:0,_RNCNvCsfppDzaQcbXx_3xdl12execute_files0_0B3_
FNDA:0,_RNCNvCsfppDzaQcbXx_3xdl12execute_files_0B3_
FNDA:0,_RNvCsfppDzaQcbXx_3xdl10check_file
FNDA:0,_RNvCsfppDzaQcbXx_3xdl10parse_file
FNDA:0,_RNvCsfppDzaQcbXx_3xdl12execute_file
FNDA:0,_RNvCsfppDzaQcbXx_3xdl13print_version
FNDA:0,_RNvCsfppDzaQcbXx_3xdl15execute_command
FNDA:0,_RNvCsfppDzaQcbXx_3xdl16format_xdl_value
FNDA:0,_RNvCsfppDzaQcbXx_3xdl21print_startup_message
FNDA:0,_RNvCsfppDzaQcbXx_3xdl3run
FNDA:0,_RNvCsfppDzaQcbXx_3xdl4main
FNDA:0,_RNvCsfppDzaQcbXx_3xdl9run_tests
FNF:15
FNH:0
DA:70,0
DA:71,0
DA:74,0
DA:75,0
DA:78,0
DA:79,0
DA:80,0
DA:82,0
DA:83,0
DA:84,0
DA:85,0
DA:86,0
DA:91,0
DA:92,0
DA:93,0
DA:94,0
DA:95,0
DA:97,0
DA:98,0
DA:101,0
DA:102,0
DA:103,0
DA:104,0
DA:107,0
DA:111,0
DA:113,0
DA:114,0
DA:115,0
DA:118,0
DA:119,0
DA:120,0
DA:122,0
DA:123,0
DA:124,0
DA:126,0
DA:128,0
DA:129,0
DA:131,0
DA:132,0
DA:134,0
DA:136,0
DA:137,0
DA:138,0
DA:139,0
DA:140,0
DA:141,0
DA:142,0
DA:143,0
DA:146,0
DA:147,0
DA:149,0
DA:150,0
DA:152,0
DA:153,0
DA:155,0
DA:157,0
DA:158,0
DA:160,0
DA:161,0
DA:162,0
DA:165,0
DA:167,0
DA:168,0
DA:171,0
DA:172,0
DA:173,0
DA:175,0
DA:176,0
DA:178,0
DA:181,0
DA:182,0
DA:183,0
DA:184,0
DA:185,0
DA:189,0
DA:190,0
DA:191,0
DA:192,0
DA:193,0
DA:196,0
DA:197,0
DA:198,0
DA:199,0
DA:200,0
DA:203,0
DA:204,0
DA:210,0
DA:211,0
DA:213,0
DA:214,0
DA:216,0
DA:217,0
DA:220,0
DA:221,0
DA:222,0
DA:223,0
DA:225,0
DA:228,0
DA:230,0
DA:231,0
DA:232,0
DA:233,0
DA:235,0
DA:236,0
DA:239,0
DA:240,0
DA:241,0
BRF:0
BRH:0
LF:112
LH:0
end_of_record
SF:/Users/ravindraboddipalli/sources/xdl/xdl-cli/src/repl.rs
FN:87,_RNvNtCsfppDzaQcbXx_3xdl4repl10print_help
FN:11,_RNvNtCsfppDzaQcbXx_3xdl4repl10start_repl
FN:127,_RNvNtCsfppDzaQcbXx_3xdl4repl16format_xdl_value
FN:101,_RNvNtCsfppDzaQcbXx_3xdl4repl20execute_repl_command
FNDA:0,_RNvNtCsfppDzaQcbXx_3xdl4repl10print_help
FNDA:0,_RNvNtCsfppDzaQcbXx_3xdl4repl10start_repl
FNDA:0,_RNvNtCsfppDzaQcbXx_3xdl4repl16format_xdl_value
FNDA:0,_RNvNtCsfppDzaQcbXx_3xdl4repl20execute_repl_command
FNF:4
FNH:0
DA:11,0
DA:12,0
DA:14,0
DA:15,0
DA:18,0
DA:19,0
DA:21,0
DA:22,0
DA:25,0
DA:27,0
DA:28,0
DA:29,0
DA:31,0
DA:32,0
DA:33,0
DA:35,0
DA:38,0
DA:39,0
DA:40,0
DA:41,0
DA:43,0
DA:44,0
DA:45,0
DA:47,0
DA:48,0
DA:49,0
DA:51,0
DA:55,0
DA:56,0
DA:57,0
DA:58,0
DA:59,0
DA:61,0
DA:62,0
DA:67,0
DA:68,0
DA:71,0
DA:72,0
DA:74,0
DA:75,0
DA:76,0
DA:82,0
DA:84,0
DA:85,0
DA:87,0
DA:88,0
DA:89,0
DA:90,0
DA:91,0
DA:92,0
DA:93,0
DA:94,0
DA:95,0
DA:96,0
DA:97,0
DA:98,0
DA:99,0
DA:101,0
DA:103,0
DA:104,0
DA:105,0
DA:106,0
DA:110,0
DA:111,0
DA:112,0
DA:115,0
DA:116,0
DA:117,0
DA:120,0
DA:124,0
DA:127,0
DA:128,0
DA:129,0
BRF:0
BRH:0
LF:73
LH:0
end_of_record
SF:/Users/ravindraboddipalli/sources/xdl/xdl-core/src/array.rs
FN:350,_RNvNtNtCseIM1XrU3RyC_8xdl_core5array5testss_11test_reform
FN:340,_RNvNtNtCseIM1XrU3RyC_8xdl_core5array5testss_14test_transpose
FN:299,_RNvNtNtCseIM1XrU3RyC_8xdl_core5array5testss_17test_scalar_array
FN:307,_RNvNtNtCseIM1XrU3RyC_8xdl_core5array5testss_17test_vector_array
FN:329,_RNvNtNtCseIM1XrU3RyC_8xdl_core5array5testss_20test_linear_indexing
FN:318,_RNvNtNtCseIM1XrU3RyC_8xdl_core5array5testss_20test_multi_dim_array
FN:21,_RNvMNtCseIM1XrU3RyC_8xdl_core5arrayINtB2_8GdlArraypE3newB4_
FN:219,_RNvMNtCseIM1XrU3RyC_8xdl_core5arrayINtB2_8GdlArraypE6to_vecB4_
FN:214,_RNvMNtCseIM1XrU3RyC_8xdl_core5arrayINtB2_8GdlArraypE8as_sliceB4_
FN:209,_RNvMNtCseIM1XrU3RyC_8xdl_core5arrayINtB2_8GdlArraypE8gdl_typeB4_
FN:288,_RNvMs_NtCseIM1XrU3RyC_8xdl_core5arrayINtB4_8GdlArraydE14from_gdl_value
FN:249,_RNvXs2_NtCseIM1XrU3RyC_8xdl_core5arrayINtB5_8GdlArrayhENtNtB7_5types7GdlData10dimensions
FN:253,_RNvXs2_NtCseIM1XrU3RyC_8xdl_core5arrayINtB5_8GdlArrayhENtNtB7_5types7GdlData10n_elements
FN:257,_RNvXs2_NtCseIM1XrU3RyC_8xdl_core5arrayINtB5_8GdlArrayhENtNtB7_5types7GdlData10size_bytes
FN:261,_RNvXs2_NtCseIM1XrU3RyC_8xdl_core5arrayINtB5_8GdlArrayhENtNtB7_5types7GdlData11clone_boxed
FN:265,_RNvXs2_NtCseIM1XrU3RyC_8xdl_core5arrayINtB5_8GdlArrayhENtNtB7_5types7GdlData14to_string_repr
FN:245,_RNvXs2_NtCseIM1XrU3RyC_8xdl_core5arrayINtB5_8GdlArrayhENtNtB7_5types7GdlData8gdl_type
FN:249,_RNvXs3_NtCseIM1XrU3RyC_8xdl_core5arrayINtB5_8GdlArraysENtNtB7_5types7GdlData10dimensions
FN:253,_RNvXs3_NtCseIM1XrU3RyC_8xdl_core5arrayINtB5_8GdlArraysENtNtB7_5types7GdlData10n_elements
FN:257,_RNvXs3_NtCseIM1XrU3RyC_8xdl_core5arrayINtB5_8GdlArraysENtNtB7_5types7GdlData10size_bytes
FN:261,_RNvXs3_NtCseIM1XrU3RyC_8xdl_core5arrayINtB5_8GdlArraysENtNtB7_5types7GdlData11clone_boxed
FN:265,_RNvXs3_NtCseIM1XrU3RyC_8xdl_core5arrayINtB5_8GdlArraysENtNtB7_5types7GdlData14to_string_repr
FN:245,_RNvXs3_NtCseIM1XrU3RyC_8xdl_core5arrayINtB5_8GdlArraysENtNtB7_5types7GdlData8gdl_type
FN:249,_RNvXs4_NtCseIM1XrU3RyC_8xdl_core5arrayINtB5_8GdlArraylENtNtB7_5types7GdlData10dimensions
FN:257,_RNvXs4_NtCseIM1XrU3RyC_8xdl_core5arrayINtB5_8GdlArraylENtNtB7_5types7GdlData10size_bytes
FN:261,_RNvXs4_NtCseIM1XrU3RyC_8xdl_core5arrayINtB5_8GdlArraylENtNtB7_5types7GdlData11clone_boxed
FN:265,_RNvXs4_NtCseIM1XrU3RyC_8xdl_core5arrayINtB5_8GdlArraylENtNtB7_5types7GdlData14to_string_repr
FN:245,_RNvXs4_NtCseIM1XrU3RyC_8xdl_core5arrayINtB5_8GdlArraylENtNtB7_5types7GdlData8gdl_type
FN:249,_RNvXs5_NtCseIM1XrU3RyC_8xdl_core5arrayINtB5_8GdlArrayfENtNtB7_5types7GdlData10dimensions
FN:257,_RNvXs5_NtCseIM1XrU3RyC_8xdl_core5arrayINtB5_8GdlArrayfENtNtB7_5types7GdlData10size_bytes
FN:261,_RNvXs5_NtCseIM1XrU3RyC_8xdl_core5arrayINtB5_8GdlArrayfENtNtB7_5types7GdlData11clone_boxed
FN:265,_RNvXs5_NtCseIM1XrU3RyC_8xdl_core5arrayINtB5_8GdlArrayfENtNtB7_5types7GdlData14to_string_repr
FN:245,_RNvXs5_NtCseIM1XrU3RyC_8xdl_core5arrayINtB5_8GdlArrayfENtNtB7_5types7GdlData8gdl_type
FN:249,_RNvXs6_NtCseIM1XrU3RyC_8xdl_core5arrayINtB5_8GdlArraydENtNtB7_5types7GdlData10dimensions
FN:257,_RNvXs6_NtCseIM1XrU3RyC_8xdl_core5arrayINtB5_8GdlArraydENtNtB7_5types7GdlData10size_bytes
FN:261,_RNvXs6_NtCseIM1XrU3RyC_8xdl_core5arrayINtB5_8GdlArraydENtNtB7_5types7GdlData11clone_boxed
FN:265,_RNvXs6_NtCseIM1XrU3RyC_8xdl_core5arrayINtB5_8GdlArraydENtNtB7_5types7GdlData14to_string_repr
FN:245,_RNvXs6_NtCseIM1XrU3RyC_8xdl_core5arrayINtB5_8GdlArraydENtNtB7_5types7GdlData8gdl_type
FN:249,_RNvXs7_NtCseIM1XrU3RyC_8xdl_core5arrayINtB5_8GdlArrayINtCsfKQIqakrO1K_11num_complex7ComplexfEENtNtB7_5types7GdlData10dimensions
FN:253,_RNvXs7_NtCseIM1XrU3RyC_8xdl_core5arrayINtB5_8GdlArrayINtCsfKQIqakrO1K_11num_complex7ComplexfEENtNtB7_5types7GdlData10n_elements
FN:257,_RNvXs7_NtCseIM1XrU3RyC_8xdl_core5arrayINtB5_8GdlArrayINtCsfKQIqakrO1K_11num_complex7ComplexfEENtNtB7_5types7GdlData10size_bytes
FN:261,_RNvXs7_NtCseIM1XrU3RyC_8xdl_core5arrayINtB5_8GdlArrayINtCsfKQIqakrO1K_11num_complex7ComplexfEENtNtB7_5types7GdlData11clone_boxed
FN:265,_RNvXs7_NtCseIM1XrU3RyC_8xdl_core5arrayINtB5_8GdlArrayINtCsfKQIqakrO1K_11num_complex7ComplexfEENtNtB7_5types7GdlData14to_string_repr
FN:245,_RNvXs7_NtCseIM1XrU3RyC_8xdl_core5arrayINtB5_8GdlArrayINtCsfKQIqakrO1K_11num_complex7ComplexfEENtNtB7_5types7GdlData8gdl_type
FN:249,_RNvXs8_NtCseIM1XrU3RyC_8xdl_core5arrayINtB5_8GdlArrayINtCsfKQIqakrO1K_11num_complex7ComplexdEENtNtB7_5types7GdlData10dimensions
FN:253,_RNvXs8_NtCseIM1XrU3RyC_8xdl_core5arrayINtB5_8GdlArrayINtCsfKQIqakrO1K_11num_complex7ComplexdEENtNtB7_5types7GdlData10n_elements
FN:257,_RNvXs8_NtCseIM1XrU3RyC_8xdl_core5arrayINtB5_8GdlArrayINtCsfKQIqakrO1K_11num_complex7ComplexdEENtNtB7_5types7GdlData10size_bytes
FN:261,_RNvXs8_NtCseIM1XrU3RyC_8xdl_core5arrayINtB5_8GdlArrayINtCsfKQIqakrO1K_11num_complex7ComplexdEENtNtB7_5types7GdlData11clone_boxed
FN:265,_RNvXs8_NtCseIM1XrU3RyC_8xdl_core5arrayINtB5_8GdlArrayINtCsfKQIqakrO1K_11num_complex7ComplexdEENtNtB7_5types7GdlData14to_string_repr
FN:245,_RNvXs8_NtCseIM1XrU3RyC_8xdl_core5arrayINtB5_8GdlArrayINtCsfKQIqakrO1K_11num_complex7ComplexdEENtNtB7_5types7GdlData8gdl_type
FN:249,_RNvXs9_NtCseIM1XrU3RyC_8xdl_core5arrayINtB5_8GdlArrayNtNtCs1AhsD0INetT_5alloc6string6StringENtNtB7_5types7GdlData10dimensions
FN:253,_RNvXs9_NtCseIM1XrU3RyC_8xdl_core5arrayINtB5_8GdlArrayNtNtCs1AhsD0INetT_5alloc6string6StringENtNtB7_5types7GdlData10n_elements
FN:257,_RNvXs9_NtCseIM1XrU3RyC_8xdl_core5arrayINtB5_8GdlArrayNtNtCs1AhsD0INetT_5alloc6string6StringENtNtB7_5types7GdlData10size_bytes
FN:261,_RNvXs9_NtCseIM1XrU3RyC_8xdl_core5arrayINtB5_8GdlArrayNtNtCs1AhsD0INetT_5alloc6string6StringENtNtB7_5types7GdlData11clone_boxed
FN:265,_RNvXs9_NtCseIM1XrU3RyC_8xdl_core5arrayINtB5_8GdlArrayNtNtCs1AhsD0INetT_5alloc6string6StringENtNtB7_5types7GdlData14to_string_repr
FN:245,_RNvXs9_NtCseIM1XrU3RyC_8xdl_core5arrayINtB5_8GdlArrayNtNtCs1AhsD0INetT_5alloc6string6StringENtNtB7_5types7GdlData8gdl_type
FN:97,_RNCNvMNtCseIM1XrU3RyC_8xdl_core5arrayINtB4_8GdlArraydE3get0B6_
FN:61,_RNCNvMNtCseIM1XrU3RyC_8xdl_core5arrayINtB4_8GdlArraydE8from_vec0B6_
FN:97,_RNCNvMNtCseIM1XrU3RyC_8xdl_core5arrayINtB4_8GdlArrayfE3get0B6_
FN:97,_RNCNvMNtCseIM1XrU3RyC_8xdl_core5arrayINtB4_8GdlArraylE3get0B6_
FN:194,_RNCNvMNtCseIM1XrU3RyC_8xdl_core5arrayINtB4_8GdlArraylE6reform0B6_
FN:61,_RNCNvMNtCseIM1XrU3RyC_8xdl_core5arrayINtB4_8GdlArraylE8from_vec0B6_
FN:204,_RNvMNtCseIM1XrU3RyC_8xdl_core5arrayINtB2_8GdlArraydE10dimensionsB4_
FN:81,_RNvMNtCseIM1XrU3RyC_8xdl_core5arrayINtB2_8GdlArraydE3getB4_
FN:41,_RNvMNtCseIM1XrU3RyC_8xdl_core5arrayINtB2_8GdlArraydE8from_vecB4_
FN:204,_RNvMNtCseIM1XrU3RyC_8xdl_core5arrayINtB2_8GdlArrayfE10dimensionsB4_
FN:81,_RNvMNtCseIM1XrU3RyC_8xdl_core5arrayINtB2_8GdlArrayfE3getB4_
FN:71,_RNvMNtCseIM1XrU3RyC_8xdl_core5arrayINtB2_8GdlArrayfE6scalarB4_
FN:204,_RNvMNtCseIM1XrU3RyC_8xdl_core5arrayINtB2_8GdlArraylE10dimensionsB4_
FN:128,_RNvMNtCseIM1XrU3RyC_8xdl_core5arrayINtB2_8GdlArraylE10get_linearB4_
FN:142,_RNvMNtCseIM1XrU3RyC_8xdl_core5arrayINtB2_8GdlArraylE10set_linearB4_
FN:81,_RNvMNtCseIM1XrU3RyC_8xdl_core5arrayINtB2_8GdlArraylE3getB4_
FN:101,_RNvMNtCseIM1XrU3RyC_8xdl_core5arrayINtB2_8GdlArraylE3setB4_
FN:179,_RNvMNtCseIM1XrU3RyC_8xdl_core5arrayINtB2_8GdlArraylE6reformB4_
FN:41,_RNvMNtCseIM1XrU3RyC_8xdl_core5arrayINtB2_8GdlArraylE8from_vecB4_
FN:155,_RNvMNtCseIM1XrU3RyC_8xdl_core5arrayINtB2_8GdlArraylE9transposeB4_
FN:253,_RNvXs4_NtCseIM1XrU3RyC_8xdl_core5arrayINtB5_8GdlArraylENtNtB7_5types7GdlData10n_elements
FN:253,_RNvXs5_NtCseIM1XrU3RyC_8xdl_core5arrayINtB5_8GdlArrayfENtNtB7_5types7GdlData10n_elements
FN:253,_RNvXs6_NtCseIM1XrU3RyC_8xdl_core5arrayINtB5_8GdlArraydENtNtB7_5types7GdlData10n_elements
FN:61,_RNCNvMNtCsgj69aNDdLpp_8xdl_core5arrayINtB4_8GdlArraylE8from_vec0Cs7X22eMfvUxK_10xdl_stdlib
FN:41,_RNvMNtCsgj69aNDdLpp_8xdl_core5arrayINtB2_8GdlArraylE8from_vecCs7X22eMfvUxK_10xdl_stdlib
FN:97,_RNCNvMNtCsgj69aNDdLpp_8xdl_core5arrayINtB4_8GdlArrayINtCsfKQIqakrO1K_11num_complex7ComplexdEE3get0B6_
FN:97,_RNCNvMNtCsgj69aNDdLpp_8xdl_core5arrayINtB4_8GdlArrayINtCsfKQIqakrO1K_11num_complex7ComplexfEE3get0B6_
FN:97,_RNCNvMNtCsgj69aNDdLpp_8xdl_core5arrayINtB4_8GdlArrayNtNtCs1AhsD0INetT_5alloc6string6StringE3get0B6_
FN:97,_RNCNvMNtCsgj69aNDdLpp_8xdl_core5arrayINtB4_8GdlArraydE3get0B6_
FN:97,_RNCNvMNtCsgj69aNDdLpp_8xdl_core5arrayINtB4_8GdlArrayfE3get0B6_
FN:97,_RNCNvMNtCsgj69aNDdLpp_8xdl_core5arrayINtB4_8GdlArrayhE3get0B6_
FN:97,_RNCNvMNtCsgj69aNDdLpp_8xdl_core5arrayINtB4_8GdlArraylE3get0B6_
FN:97,_RNCNvMNtCsgj69aNDdLpp_8xdl_core5arrayINtB4_8GdlArraysE3get0B6_
FN:81,_RNvMNtCsgj69aNDdLpp_8xdl_core5arrayINtB2_8GdlArrayINtCsfKQIqakrO1K_11num_complex7ComplexdEE3getB4_
FN:209,_RNvMNtCsgj69aNDdLpp_8xdl_core5arrayINtB2_8GdlArrayINtCsfKQIqakrO1K_11num_complex7ComplexdEE8gdl_typeB4_
FN:81,_RNvMNtCsgj69aNDdLpp_8xdl_core5arrayINtB2_8GdlArrayINtCsfKQIqakrO1K_11num_complex7ComplexfEE3getB4_
FN:209,_RNvMNtCsgj69aNDdLpp_8xdl_core5arrayINtB2_8GdlArrayINtCsfKQIqakrO1K_11num_complex7ComplexfEE8gdl_typeB4_
FN:81,_RNvMNtCsgj69aNDdLpp_8xdl_core5arrayINtB2_8GdlArrayNtNtCs1AhsD0INetT_5alloc6string6StringE3getB4_
FN:209,_RNvMNtCsgj69aNDdLpp_8xdl_core5arrayINtB2_8GdlArrayNtNtCs1AhsD0INetT_5alloc6string6StringE8gdl_typeB4_
FN:81,_RNvMNtCsgj69aNDdLpp_8xdl_core5arrayINtB2_8GdlArraydE3getB4_
FN:71,_RNvMNtCsgj69aNDdLpp_8xdl_core5arrayINtB2_8GdlArraydE6scalarB4_
FN:209,_RNvMNtCsgj69aNDdLpp_8xdl_core5arrayINtB2_8GdlArraydE8gdl_typeB4_
FN:81,_RNvMNtCsgj69aNDdLpp_8xdl_core5arrayINtB2_8GdlArrayfE3getB4_
FN:209,_RNvMNtCsgj69aNDdLpp_8xdl_core5arrayINtB2_8GdlArrayfE8gdl_typeB4_
FN:81,_RNvMNtCsgj69aNDdLpp_8xdl_core5arrayINtB2_8GdlArrayhE3getB4_
FN:209,_RNvMNtCsgj69aNDdLpp_8xdl_core5arrayINtB2_8GdlArrayhE8gdl_typeB4_
FN:81,_RNvMNtCsgj69aNDdLpp_8xdl_core5arrayINtB2_8GdlArraylE3getB4_
FN:209,_RNvMNtCsgj69aNDdLpp_8xdl_core5arrayINtB2_8GdlArraylE8gdl_typeB4_
FN:81,_RNvMNtCsgj69aNDdLpp_8xdl_core5arrayINtB2_8GdlArraysE3getB4_
FN:209,_RNvMNtCsgj69aNDdLpp_8xdl_core5arrayINtB2_8GdlArraysE8gdl_typeB4_
FNDA:1,_RNvNtNtCseIM1XrU3RyC_8xdl_core5array5testss_11test_reform
FNDA:1,_RNvNtNtCseIM1XrU3RyC_8xdl_core5array5testss_14test_transpose
FNDA:1,_RNvNtNtCseIM1XrU3RyC_8xdl_core5array5testss_17test_scalar_array
FNDA:1,_RNvNtNtCseIM1XrU3RyC_8xdl_core5array5testss_17test_vector_array
FNDA:1,_RNvNtNtCseIM1XrU3RyC_8xdl_core5array5testss_20test_linear_indexing
FNDA:1,_RNvNtNtCseIM1XrU3RyC_8xdl_core5array5testss_20test_multi_dim_array
FNDA:0,_RNvMNtCseIM1XrU3RyC_8xdl_core5arrayINtB2_8GdlArraypE3newB4_
FNDA:0,_RNvMNtCseIM1XrU3RyC_8xdl_core5arrayINtB2_8GdlArraypE6to_vecB4_
FNDA:0,_RNvMNtCseIM1XrU3RyC_8xdl_core5arrayINtB2_8GdlArraypE8as_sliceB4_
FNDA:0,_RNvMNtCseIM1XrU3RyC_8xdl_core5arrayINtB2_8GdlArraypE8gdl_typeB4_
FNDA:0,_RNvMs_NtCseIM1XrU3RyC_8xdl_core5arrayINtB4_8GdlArraydE14from_gdl_value
FNDA:0,_RNvXs2_NtCseIM1XrU3RyC_8xdl_core5arrayINtB5_8GdlArrayhENtNtB7_5types7GdlData10dimensions
FNDA:0,_RNvXs2_NtCseIM1XrU3RyC_8xdl_core5arrayINtB5_8GdlArrayhENtNtB7_5types7GdlData10n_elements
FNDA:0,_RNvXs2_NtCseIM1XrU3RyC_8xdl_core5arrayINtB5_8GdlArrayhENtNtB7_5types7GdlData10size_bytes
FNDA:0,_RNvXs2_NtCseIM1XrU3RyC_8xdl_core5arrayINtB5_8GdlArrayhENtNtB7_5types7GdlData11clone_boxed
FNDA:0,_RNvXs2_NtCseIM1XrU3RyC_8xdl_core5arrayINtB5_8GdlArrayhENtNtB7_5types7GdlData14to_string_repr
FNDA:0,_RNvXs2_NtCseIM1XrU3RyC_8xdl_core5arrayINtB5_8GdlArrayhENtNtB7_5types7GdlData8gdl_type
FNDA:0,_RNvXs3_NtCseIM1XrU3RyC_8xdl_core5arrayINtB5_8GdlArraysENtNtB7_5types7GdlData10dimensions
FNDA:0,_RNvXs3_NtCseIM1XrU3RyC_8xdl_core5arrayINtB5_8GdlArraysENtNtB7_5types7GdlData10n_elements
FNDA:0,_RNvXs3_NtCseIM1XrU3RyC_8xdl_core5arrayINtB5_8GdlArraysENtNtB7_5types7GdlData10size_bytes
FNDA:0,_RNvXs3_NtCseIM1XrU3RyC_8xdl_core5arrayINtB5_8GdlArraysENtNtB7_5types7GdlData11clone_boxed
FNDA:0,_RNvXs3_NtCseIM1XrU3RyC_8xdl_core5arrayINtB5_8GdlArraysENtNtB7_5types7GdlData14to_string_repr
FNDA:0,_RNvXs3_NtCseIM1XrU3RyC_8xdl_core5arrayINtB5_8GdlArraysENtNtB7_5types7GdlData8gdl_type
FNDA:0,_RNvXs4_NtCseIM1XrU3RyC_8xdl_core5arrayINtB5_8GdlArraylENtNtB7_5types7GdlData10dimensions
FNDA:0,_RNvXs4_NtCseIM1XrU3RyC_8xdl_core5arrayINtB5_8GdlArraylENtNtB7_5types7GdlData10size_bytes
FNDA:0,_RNvXs4_NtCseIM1XrU3RyC_8xdl_core5arrayINtB5_8GdlArraylENtNtB7_5types7GdlData11clone_boxed
FNDA:0,_RNvXs4_NtCseIM1XrU3RyC_8xdl_core5arrayINtB5_8GdlArraylENtNtB7_5types7GdlData14to_string_repr
FNDA:0,_RNvXs4_NtCseIM1XrU3RyC_8xdl_core5arrayINtB5_8GdlArraylENtNtB7_5types7GdlData8gdl_type
FNDA:0,_RNvXs5_NtCseIM1XrU3RyC_8xdl_core5arrayINtB5_8GdlArrayfENtNtB7_5types7GdlData10dimensions
FNDA:0,_RNvXs5_NtCseIM1XrU3RyC_8xdl_core5arrayINtB5_8GdlArrayfENtNtB7_5types7GdlData10size_bytes
FNDA:0,_RNvXs5_NtCseIM1XrU3RyC_8xdl_core5arrayINtB5_8GdlArrayfENtNtB7_5types7GdlData11clone_boxed
FNDA:0,_RNvXs5_NtCseIM1XrU3RyC_8xdl_core5arrayINtB5_8GdlArrayfENtNtB7_5types7GdlData14to_string_repr
FNDA:0,_RNvXs5_NtCseIM1XrU3RyC_8xdl_core5arrayINtB5_8GdlArrayfENtNtB7_5types7GdlData8gdl_type
FNDA:0,_RNvXs6_NtCseIM1XrU3RyC_8xdl_core5arrayINtB5_8GdlArraydENtNtB7_5types7GdlData10dimensions
FNDA:0,_RNvXs6_NtCseIM1XrU3RyC_8xdl_core5arrayINtB5_8GdlArraydENtNtB7_5types7GdlData10size_bytes
FNDA:0,_RNvXs6_NtCseIM1XrU3RyC_8xdl_core5arrayINtB5_8GdlArraydENtNtB7_5types7GdlData11clone_boxed
FNDA:0,_RNvXs6_NtCseIM1XrU3RyC_8xdl_core5arrayINtB5_8GdlArraydENtNtB7_5types7GdlData14to_string_repr
FNDA:0,_RNvXs6_NtCseIM1XrU3RyC_8xdl_core5arrayINtB5_8GdlArraydENtNtB7_5types7GdlData8gdl_type
FNDA:0,_RNvXs7_NtCseIM1XrU3RyC_8xdl_core5arrayINtB5_8GdlArrayINtCsfKQIqakrO1K_11num_complex7ComplexfEENtNtB7_5types7GdlData10dimensions
FNDA:0,_RNvXs7_NtCseIM1XrU3RyC_8xdl_core5arrayINtB5_8GdlArrayINtCsfKQIqakrO1K_11num_complex7ComplexfEENtNtB7_5types7GdlData10n_elements
FNDA:0,_RNvXs7_NtCseIM1XrU3RyC_8xdl_core5arrayINtB5_8GdlArrayINtCsfKQIqakrO1K_11num_complex7ComplexfEENtNtB7_5types7GdlData10size_bytes
FNDA:0,_RNvXs7_NtCseIM1XrU3RyC_8xdl_core5arrayINtB5_8GdlArrayINtCsfKQIqakrO1K_11num_complex7ComplexfEENtNtB7_5types7GdlData11clone_boxed
FNDA:0,_RNvXs7_NtCseIM1XrU3RyC_8xdl_core5arrayINtB5_8GdlArrayINtCsfKQIqakrO1K_11num_complex7ComplexfEENtNtB7_5types7GdlData14to_string_repr
FNDA:0,_RNvXs7_NtCseIM1XrU3RyC_8xdl_core5arrayINtB5_8GdlArrayINtCsfKQIqakrO1K_11num_complex7ComplexfEENtNtB7_5types7GdlData8gdl_type
FNDA:0,_RNvXs8_NtCseIM1XrU3RyC_8xdl_core5arrayINtB5_8GdlArrayINtCsfKQIqakrO1K_11num_complex7ComplexdEENtNtB7_5types7GdlData10dimensions
FNDA:0,_RNvXs8_NtCseIM1XrU3RyC_8xdl_core5arrayINtB5_8GdlArrayINtCsfKQIqakrO1K_11num_complex7ComplexdEENtNtB7_5types7GdlData10n_elements
FNDA:0,_RNvXs8_NtCseIM1XrU3RyC_8xdl_core5arrayINtB5_8GdlArrayINtCsfKQIqakrO1K_11num_complex7ComplexdEENtNtB7_5types7GdlData10size_bytes
FNDA:0,_RNvXs8_NtCseIM1XrU3RyC_8xdl_core5arrayINtB5_8GdlArrayINtCsfKQIqakrO1K_11num_complex7ComplexdEENtNtB7_5types7GdlData11clone_boxed
FNDA:0,_RNvXs8_NtCseIM1XrU3RyC_8xdl_core5arrayINtB5_8GdlArrayINtCsfKQIqakrO1K_11num_complex7ComplexdEENtNtB7_5types7GdlData14to_string_repr
FNDA:0,_RNvXs8_NtCseIM1XrU3RyC_8xdl_core5arrayINtB5_8GdlArrayINtCsfKQIqakrO1K_11num_complex7ComplexdEENtNtB7_5types7GdlData8gdl_type
FNDA:0,_RNvXs9_NtCseIM1XrU3RyC_8xdl_core5arrayINtB5_8GdlArrayNtNtCs1AhsD0INetT_5alloc6string6StringENtNtB7_5types7GdlData10dimensions
FNDA:0,_RNvXs9_NtCseIM1XrU3RyC_8xdl_core5arrayINtB5_8GdlArrayNtNtCs1AhsD0INetT_5alloc6string6StringENtNtB7_5types7GdlData10n_elements
FNDA:0,_RNvXs9_NtCseIM1XrU3RyC_8xdl_core5arrayINtB5_8GdlArrayNtNtCs1AhsD0INetT_5alloc6string6StringENtNtB7_5types7GdlData10size_bytes
FNDA:0,_RNvXs9_NtCseIM1XrU3RyC_8xdl_core5arrayINtB5_8GdlArrayNtNtCs1AhsD0INetT_5alloc6string6StringENtNtB7_5types7GdlData11clone_boxed
FNDA:0,_RNvXs9_NtCseIM1XrU3RyC_8xdl_core5arrayINtB5_8GdlArrayNtNtCs1AhsD0INetT_5alloc6string6StringENtNtB7_5types7GdlData14to_string_repr
FNDA:0,_RNvXs9_NtCseIM1XrU3RyC_8xdl_core5arrayINtB5_8GdlArrayNtNtCs1AhsD0INetT_5alloc6string6StringENtNtB7_5types7GdlData8gdl_type
FNDA:0,_RNCNvMNtCseIM1XrU3RyC_8xdl_core5arrayINtB4_8GdlArraydE3get0B6_
FNDA:0,_RNCNvMNtCseIM1XrU3RyC_8xdl_core5arrayINtB4_8GdlArraydE8from_vec0B6_
FNDA:0,_RNCNvMNtCseIM1XrU3RyC_8xdl_core5arrayINtB4_8GdlArrayfE3get0B6_
FNDA:0,_RNCNvMNtCseIM1XrU3RyC_8xdl_core5arrayINtB4_8GdlArraylE3get0B6_
FNDA:0,_RNCNvMNtCseIM1XrU3RyC_8xdl_core5arrayINtB4_8GdlArraylE6reform0B6_
FNDA:0,_RNCNvMNtCseIM1XrU3RyC_8xdl_core5arrayINtB4_8GdlArraylE8from_vec0B6_
FNDA:1,_RNvMNtCseIM1XrU3RyC_8xdl_core5arrayINtB2_8GdlArraydE10dimensionsB4_
FNDA:1,_RNvMNtCseIM1XrU3RyC_8xdl_core5arrayINtB2_8GdlArraydE3getB4_
FNDA:1,_RNvMNtCseIM1XrU3RyC_8xdl_core5arrayINtB2_8GdlArraydE8from_vecB4_
FNDA:1,_RNvMNtCseIM1XrU3RyC_8xdl_core5arrayINtB2_8GdlArrayfE10dimensionsB4_
FNDA:1,_RNvMNtCseIM1XrU3RyC_8xdl_core5arrayINtB2_8GdlArrayfE3getB4_
FNDA:1,_RNvMNtCseIM1XrU3RyC_8xdl_core5arrayINtB2_8GdlArrayfE6scalarB4_
FNDA:3,_RNvMNtCseIM1XrU3RyC_8xdl_core5arrayINtB2_8GdlArraylE10dimensionsB4_
FNDA:1,_RNvMNtCseIM1XrU3RyC_8xdl_core5arrayINtB2_8GdlArraylE10get_linearB4_
FNDA:1,_RNvMNtCseIM1XrU3RyC_8xdl_core5arrayINtB2_8GdlArraylE10set_linearB4_
FNDA:3,_RNvMNtCseIM1XrU3RyC_8xdl_core5arrayINtB2_8GdlArraylE3getB4_
FNDA:1,_RNvMNtCseIM1XrU3RyC_8xdl_core5arrayINtB2_8GdlArraylE3setB4_
FNDA:1,_RNvMNtCseIM1XrU3RyC_8xdl_core5arrayINtB2_8GdlArraylE6reformB4_
FNDA:4,_RNvMNtCseIM1XrU3RyC_8xdl_core5arrayINtB2_8GdlArraylE8from_vecB4_
FNDA:1,_RNvMNtCseIM1XrU3RyC_8xdl_core5arrayINtB2_8GdlArraylE9transposeB4_
FNDA:2,_RNvXs4_NtCseIM1XrU3RyC_8xdl_core5arrayINtB5_8GdlArraylENtNtB7_5types7GdlData10n_elements
FNDA:1,_RNvXs5_NtCseIM1XrU3RyC_8xdl_core5arrayINtB5_8GdlArrayfENtNtB7_5types7GdlData10n_elements
FNDA:1,_RNvXs6_NtCseIM1XrU3RyC_8xdl_core5arrayINtB5_8GdlArraydENtNtB7_5types7GdlData10n_elements
FNDA:0,_RNCNvMNtCsgj69aNDdLpp_8xdl_core5arrayINtB4_8GdlArraylE8from_vec0Cs7X22eMfvUxK_10xdl_stdlib
FNDA:0,_RNvMNtCsgj69aNDdLpp_8xdl_core5arrayINtB2_8GdlArraylE8from_vecCs7X22eMfvUxK_10xdl_stdlib
FNDA:0,_RNCNvMNtCsgj69aNDdLpp_8xdl_core5arrayINtB4_8GdlArrayINtCsfKQIqakrO1K_11num_complex7ComplexdEE3get0B6_
FNDA:0,_RNCNvMNtCsgj69aNDdLpp_8xdl_core5arrayINtB4_8GdlArrayINtCsfKQIqakrO1K_11num_complex7ComplexfEE3get0B6_
FNDA:0,_RNCNvMNtCsgj69aNDdLpp_8xdl_core5arrayINtB4_8GdlArrayNtNtCs1AhsD0INetT_5alloc6string6StringE3get0B6_
FNDA:0,_RNCNvMNtCsgj69aNDdLpp_8xdl_core5arrayINtB4_8GdlArraydE3get0B6_
FNDA:0,_RNCNvMNtCsgj69aNDdLpp_8xdl_core5arrayINtB4_8GdlArrayfE3get0B6_
FNDA:0,_RNCNvMNtCsgj69aNDdLpp_8xdl_core5arrayINtB4_8GdlArrayhE3get0B6_
FNDA:0,_RNCNvMNtCsgj69aNDdLpp_8xdl_core5arrayINtB4_8GdlArraylE3get0B6_
FNDA:0,_RNCNvMNtCsgj69aNDdLpp_8xdl_core5arrayINtB4_8GdlArraysE3get0B6_
FNDA:0,_RNvMNtCsgj69aNDdLpp_8xdl_core5arrayINtB2_8GdlArrayINtCsfKQIqakrO1K_11num_complex7ComplexdEE3getB4_
FNDA:0,_RNvMNtCsgj69aNDdLpp_8xdl_core5arrayINtB2_8GdlArrayINtCsfKQIqakrO1K_11num_complex7ComplexdEE8gdl_typeB4_
FNDA:0,_RNvMNtCsgj69aNDdLpp_8xdl_core5arrayINtB2_8GdlArrayINtCsfKQIqakrO1K_11num_complex7ComplexfEE3getB4_
FNDA:0,_RNvMNtCsgj69aNDdLpp_8xdl_core5arrayINtB2_8GdlArrayINtCsfKQIqakrO1K_11num_complex7ComplexfEE8gdl_typeB4_
FNDA:0,_RNvMNtCsgj69aNDdLpp_8xdl_core5arrayINtB2_8GdlArrayNtNtCs1AhsD0INetT_5alloc6string6StringE3getB4_
FNDA:0,_RNvMNtCsgj69aNDdLpp_8xdl_core5arrayINtB2_8GdlArrayNtNtCs1AhsD0INetT_5alloc6string6StringE8gdl_typeB4_
FNDA:0,_RNvMNtCsgj69aNDdLpp_8xdl_core5arrayINtB2_8GdlArraydE3getB4_
FNDA:0,_RNvMNtCsgj69aNDdLpp_8xdl_core5arrayINtB2_8GdlArraydE6scalarB4_
FNDA:0,_RNvMNtCsgj69aNDdLpp_8xdl_core5arrayINtB2_8GdlArraydE8gdl_typeB4_
FNDA:0,_RNvMNtCsgj69aNDdLpp_8xdl_core5arrayINtB2_8GdlArrayfE3getB4_
FNDA:0,_RNvMNtCsgj69aNDdLpp_8xdl_core5arrayINtB2_8GdlArrayfE8gdl_typeB4_
FNDA:0,_RNvMNtCsgj69aNDdLpp_8xdl_core5arrayINtB2_8GdlArrayhE3getB4_
FNDA:0,_RNvMNtCsgj69aNDdLpp_8xdl_core5arrayINtB2_8GdlArrayhE8gdl_typeB4_
FNDA:0,_RNvMNtCsgj69aNDdLpp_8xdl_core5arrayINtB2_8GdlArraylE3getB4_
FNDA:0,_RNvMNtCsgj69aNDdLpp_8xdl_core5arrayINtB2_8GdlArraylE8gdl_typeB4_
FNDA:0,_RNvMNtCsgj69aNDdLpp_8xdl_core5arrayINtB2_8GdlArraysE3getB4_
FNDA:0,_RNvMNtCsgj69aNDdLpp_8xdl_core5arrayINtB2_8GdlArraysE8gdl_typeB4_
FNF:29
FNH:16
DA:21,0
DA:22,0
DA:23,0
DA:25,0
DA:26,0
DA:28,0
DA:31,0
DA:33,0
DA:34,0
DA:35,0
DA:36,0
DA:37,0
DA:38,0
DA:41,5
DA:42,5
DA:43,5
DA:44,5
DA:45,5
DA:46,5
DA:47,0
DA:48,0
DA:49,0
DA:50,0
DA:51,0
DA:52,5
DA:54,5
DA:55,0
DA:57,5
DA:60,5
DA:61,5
DA:63,5
DA:64,5
DA:65,5
DA:66,5
DA:67,5
DA:68,5
DA:71,1
DA:72,1
DA:73,1
DA:74,1
DA:75,1
DA:76,1
DA:77,1
DA:78,1
DA:81,5
DA:82,5
DA:83,1
DA:84,4
DA:86,4
DA:87,0
DA:88,0
DA:89,0
DA:90,0
DA:91,0
DA:92,4
DA:94,4
DA:95,4
DA:96,4
DA:97,4
DA:98,5
DA:101,1
DA:102,1
DA:103,0
DA:104,0
DA:105,1
DA:107,1
DA:108,0
DA:109,0
DA:110,0
DA:111,0
DA:112,0
DA:113,1
DA:115,1
DA:116,1
DA:117,1
DA:118,1
DA:120,0
DA:121,0
DA:122,0
DA:123,0
DA:125,1
DA:128,1
DA:129,1
DA:130,0
DA:131,0
DA:132,0
DA:133,0
DA:134,1
DA:137,1
DA:138,1
DA:139,1
DA:142,1
DA:143,1
DA:144,0
DA:145,0
DA:146,0
DA:147,0
DA:148,1
DA:150,1
DA:151,1
DA:152,1
DA:155,1
DA:156,1
DA:157,1
DA:159,1
DA:160,1
DA:161,0
DA:164,1
DA:165,1
DA:166,1
DA:167,1
DA:168,1
DA:171,1
DA:172,1
DA:173,1
DA:174,1
DA:175,1
DA:176,1
DA:179,1
DA:180,1
DA:181,1
DA:183,1
DA:184,1
DA:185,0
DA:187,1
DA:190,1
DA:191,1
DA:192,1
DA:193,1
DA:194,1
DA:196,1
DA:197,1
DA:198,1
DA:199,1
DA:200,1
DA:201,1
DA:204,5
DA:205,5
DA:206,5
DA:209,0
DA:210,0
DA:211,0
DA:214,0
DA:215,0
DA:216,0
DA:219,0
DA:220,0
DA:221,0
DA:223,0
DA:224,0
DA:226,0
DA:228,0
DA:245,0
DA:247,0
DA:249,0
DA:250,0
DA:251,0
DA:253,4
DA:254,4
DA:255,4
DA:257,0
DA:258,0
DA:259,0
DA:261,0
DA:262,0
DA:263,0
DA:265,0
DA:266,0
DA:267,0
DA:269,0
DA:271,0
DA:288,0
DA:289,0
DA:290,0
DA:291,0
DA:299,1
DA:300,1
DA:301,1
DA:302,1
DA:303,1
DA:304,1
DA:307,1
DA:308,1
DA:309,1
DA:310,1
DA:312,1
DA:313,1
DA:314,1
DA:315,1
DA:318,1
DA:319,1
DA:320,1
DA:321,1
DA:323,1
DA:324,1
DA:325,1
DA:326,1
DA:329,1
DA:330,1
DA:331,1
DA:332,1
DA:334,1
DA:335,1
DA:336,1
DA:337,1
DA:340,1
DA:341,1
DA:342,1
DA:343,1
DA:345,1
DA:346,1
DA:347,1
DA:350,1
DA:351,1
DA:352,1
DA:353,1
DA:355,1
DA:356,1
DA:357,1
DA:358,1
BRF:0
BRH:0
LF:223
LH:141
end_of_record
SF:/Users/ravindraboddipalli/sources/xdl/xdl-core/src/dimension.rs
FN:258,_RNvNtNtCseIM1XrU3RyC_8xdl_core9dimension5testss_11test_reform
FN:245,_RNvNtNtCseIM1XrU3RyC_8xdl_core9dimension5testss_13test_indexing
FN:266,_RNvNtNtCseIM1XrU3RyC_8xdl_core9dimension5testss_14test_transpose
FN:276,_RNvNtNtCseIM1XrU3RyC_8xdl_core9dimension5testss_16test_error_cases
FN:237,_RNvNtNtCseIM1XrU3RyC_8xdl_core9dimension5testss_20test_multi_dimension
FN:220,_RNvNtNtCseIM1XrU3RyC_8xdl_core9dimension5testss_21test_scalar_dimension
FN:228,_RNvNtNtCseIM1XrU3RyC_8xdl_core9dimension5testss_21test_vector_dimension
FN:207,_RNCNvXs0_NtCseIM1XrU3RyC_8xdl_core9dimensionNtB7_9DimensionNtNtCs2CqrNpCrSUr_4core3fmt7Display3fmt0B9_
FN:198,_RNvXs0_NtCseIM1XrU3RyC_8xdl_core9dimensionNtB5_9DimensionNtNtCs2CqrNpCrSUr_4core3fmt7Display3fmt
FN:192,_RNvXs_NtCseIM1XrU3RyC_8xdl_core9dimensionNtB4_9DimensionNtNtCs2CqrNpCrSUr_4core7default7Default7default
FN:184,_RNCNvMNtCseIM1XrU3RyC_8xdl_core9dimensionNtB4_9Dimension9transpose0B6_
FN:65,_RNvMNtCseIM1XrU3RyC_8xdl_core9dimensionNtB2_9Dimension10n_elements
FN:111,_RNvMNtCseIM1XrU3RyC_8xdl_core9dimensionNtB2_9Dimension11multi_index
FN:84,_RNvMNtCseIM1XrU3RyC_8xdl_core9dimensionNtB2_9Dimension12linear_index
FN:60,_RNvMNtCseIM1XrU3RyC_8xdl_core9dimensionNtB2_9Dimension3dim
FN:55,_RNvMNtCseIM1XrU3RyC_8xdl_core9dimensionNtB2_9Dimension4dims
FN:50,_RNvMNtCseIM1XrU3RyC_8xdl_core9dimensionNtB2_9Dimension4rank
FN:137,_RNvMNtCseIM1XrU3RyC_8xdl_core9dimensionNtB2_9Dimension6reform
FN:14,_RNvMNtCseIM1XrU3RyC_8xdl_core9dimensionNtB2_9Dimension6scalar
FN:19,_RNvMNtCseIM1XrU3RyC_8xdl_core9dimensionNtB2_9Dimension8from_vec
FN:38,_RNvMNtCseIM1XrU3RyC_8xdl_core9dimensionNtB2_9Dimension9from_size
FN:74,_RNvMNtCseIM1XrU3RyC_8xdl_core9dimensionNtB2_9Dimension9is_scalar
FN:79,_RNvMNtCseIM1XrU3RyC_8xdl_core9dimensionNtB2_9Dimension9is_vector
FN:151,_RNvMNtCseIM1XrU3RyC_8xdl_core9dimensionNtB2_9Dimension9transpose
FN:65,_RNvMNtCsgj69aNDdLpp_8xdl_core9dimensionNtB2_9Dimension10n_elements
FN:111,_RNvMNtCsgj69aNDdLpp_8xdl_core9dimensionNtB2_9Dimension11multi_index
FN:84,_RNvMNtCsgj69aNDdLpp_8xdl_core9dimensionNtB2_9Dimension12linear_index
FN:60,_RNvMNtCsgj69aNDdLpp_8xdl_core9dimensionNtB2_9Dimension3dim
FN:55,_RNvMNtCsgj69aNDdLpp_8xdl_core9dimensionNtB2_9Dimension4dims
FN:50,_RNvMNtCsgj69aNDdLpp_8xdl_core9dimensionNtB2_9Dimension4rank
FN:137,_RNvMNtCsgj69aNDdLpp_8xdl_core9dimensionNtB2_9Dimension6reform
FN:14,_RNvMNtCsgj69aNDdLpp_8xdl_core9dimensionNtB2_9Dimension6scalar
FN:19,_RNvMNtCsgj69aNDdLpp_8xdl_core9dimensionNtB2_9Dimension8from_vec
FN:38,_RNvMNtCsgj69aNDdLpp_8xdl_core9dimensionNtB2_9Dimension9from_size
FN:74,_RNvMNtCsgj69aNDdLpp_8xdl_core9dimensionNtB2_9Dimension9is_scalar
FN:79,_RNvMNtCsgj69aNDdLpp_8xdl_core9dimensionNtB2_9Dimension9is_vector
FN:151,_RNvMNtCsgj69aNDdLpp_8xdl_core9dimensionNtB2_9Dimension9transpose
FN:198,_RNvXs0_NtCsgj69aNDdLpp_8xdl_core9dimensionNtB5_9DimensionNtNtCs2CqrNpCrSUr_4core3fmt7Display3fmt
FN:192,_RNvXs_NtCsgj69aNDdLpp_8xdl_core9dimensionNtB4_9DimensionNtNtCs2CqrNpCrSUr_4core7default7Default7default
FN:184,_RNCNvMNtCsgj69aNDdLpp_8xdl_core9dimensionNtB4_9Dimension9transpose0B6_
FN:207,_RNCNvXs0_NtCsgj69aNDdLpp_8xdl_core9dimensionNtB7_9DimensionNtNtCs2CqrNpCrSUr_4core3fmt7Display3fmt0B9_
FNDA:1,_RNvNtNtCseIM1XrU3RyC_8xdl_core9dimension5testss_11test_reform
FNDA:1,_RNvNtNtCseIM1XrU3RyC_8xdl_core9dimension5testss_13test_indexing
FNDA:1,_RNvNtNtCseIM1XrU3RyC_8xdl_core9dimension5testss_14test_transpose
FNDA:1,_RNvNtNtCseIM1XrU3RyC_8xdl_core9dimension5testss_16test_error_cases
FNDA:1,_RNvNtNtCseIM1XrU3RyC_8xdl_core9dimension5testss_20test_multi_dimension
FNDA:1,_RNvNtNtCseIM1XrU3RyC_8xdl_core9dimension5testss_21test_scalar_dimension
FNDA:1,_RNvNtNtCseIM1XrU3RyC_8xdl_core9dimension5testss_21test_vector_dimension
FNDA:0,_RNCNvXs0_NtCseIM1XrU3RyC_8xdl_core9dimensionNtB7_9DimensionNtNtCs2CqrNpCrSUr_4core3fmt7Display3fmt0B9_
FNDA:0,_RNvXs0_NtCseIM1XrU3RyC_8xdl_core9dimensionNtB5_9DimensionNtNtCs2CqrNpCrSUr_4core3fmt7Display3fmt
FNDA:0,_RNvXs_NtCseIM1XrU3RyC_8xdl_core9dimensionNtB4_9DimensionNtNtCs2CqrNpCrSUr_4core7default7Default7default
FNDA:8,_RNCNvMNtCseIM1XrU3RyC_8xdl_core9dimensionNtB4_9Dimension9transpose0B6_
FNDA:23,_RNvMNtCseIM1XrU3RyC_8xdl_core9dimensionNtB2_9Dimension10n_elements
FNDA:4,_RNvMNtCseIM1XrU3RyC_8xdl_core9dimensionNtB2_9Dimension11multi_index
FNDA:2,_RNvMNtCseIM1XrU3RyC_8xdl_core9dimensionNtB2_9Dimension12linear_index
FNDA:1,_RNvMNtCseIM1XrU3RyC_8xdl_core9dimensionNtB2_9Dimension3dim
FNDA:12,_RNvMNtCseIM1XrU3RyC_8xdl_core9dimensionNtB2_9Dimension4dims
FNDA:10,_RNvMNtCseIM1XrU3RyC_8xdl_core9dimensionNtB2_9Dimension4rank
FNDA:3,_RNvMNtCseIM1XrU3RyC_8xdl_core9dimensionNtB2_9Dimension6reform
FNDA:2,_RNvMNtCseIM1XrU3RyC_8xdl_core9dimensionNtB2_9Dimension6scalar
FNDA:12,_RNvMNtCseIM1XrU3RyC_8xdl_core9dimensionNtB2_9Dimension8from_vec
FNDA:3,_RNvMNtCseIM1XrU3RyC_8xdl_core9dimensionNtB2_9Dimension9from_size
FNDA:21,_RNvMNtCseIM1XrU3RyC_8xdl_core9dimensionNtB2_9Dimension9is_scalar
FNDA:2,_RNvMNtCseIM1XrU3RyC_8xdl_core9dimensionNtB2_9Dimension9is_vector
FNDA:3,_RNvMNtCseIM1XrU3RyC_8xdl_core9dimensionNtB2_9Dimension9transpose
FNDA:0,_RNvMNtCsgj69aNDdLpp_8xdl_core9dimensionNtB2_9Dimension10n_elements
FNDA:0,_RNvMNtCsgj69aNDdLpp_8xdl_core9dimensionNtB2_9Dimension11multi_index
FNDA:0,_RNvMNtCsgj69aNDdLpp_8xdl_core9dimensionNtB2_9Dimension12linear_index
FNDA:0,_RNvMNtCsgj69aNDdLpp_8xdl_core9dimensionNtB2_9Dimension3dim
FNDA:0,_RNvMNtCsgj69aNDdLpp_8xdl_core9dimensionNtB2_9Dimension4dims
FNDA:0,_RNvMNtCsgj69aNDdLpp_8xdl_core9dimensionNtB2_9Dimension4rank
FNDA:0,_RNvMNtCsgj69aNDdLpp_8xdl_core9dimensionNtB2_9Dimension6reform
FNDA:0,_RNvMNtCsgj69aNDdLpp_8xdl_core9dimensionNtB2_9Dimension6scalar
FNDA:0,_RNvMNtCsgj69aNDdLpp_8xdl_core9dimensionNtB2_9Dimension8from_vec
FNDA:0,_RNvMNtCsgj69aNDdLpp_8xdl_core9dimensionNtB2_9Dimension9from_size
FNDA:0,_RNvMNtCsgj69aNDdLpp_8xdl_core9dimensionNtB2_9Dimension9is_scalar
FNDA:0,_RNvMNtCsgj69aNDdLpp_8xdl_core9dimensionNtB2_9Dimension9is_vector
FNDA:0,_RNvMNtCsgj69aNDdLpp_8xdl_core9dimensionNtB2_9Dimension9transpose
FNDA:0,_RNvXs0_NtCsgj69aNDdLpp_8xdl_core9dimensionNtB5_9DimensionNtNtCs2CqrNpCrSUr_4core3fmt7Display3fmt
FNDA:0,_RNvXs_NtCsgj69aNDdLpp_8xdl_core9dimensionNtB4_9DimensionNtNtCs2CqrNpCrSUr_4core7default7Default7default
FNDA:0,_RNCNvMNtCsgj69aNDdLpp_8xdl_core9dimensionNtB4_9Dimension9transpose0B6_
FNDA:0,_RNCNvXs0_NtCsgj69aNDdLpp_8xdl_core9dimensionNtB7_9DimensionNtNtCs2CqrNpCrSUr_4core3fmt7Display3fmt0B9_
FNF:24
FNH:21
DA:14,2
DA:15,2
DA:16,2
DA:19,12
DA:20,12
DA:21,1
DA:22,1
DA:23,1
DA:24,1
DA:25,1
DA:26,11
DA:28,11
DA:29,1
DA:30,1
DA:31,1
DA:32,10
DA:34,10
DA:35,12
DA:38,3
DA:39,3
DA:40,0
DA:41,0
DA:42,0
DA:43,3
DA:44,3
DA:45,3
DA:46,3
DA:47,3
DA:50,10
DA:51,10
DA:52,10
DA:55,12
DA:56,12
DA:57,12
DA:60,1
DA:61,1
DA:62,1
DA:65,23
DA:66,23
DA:67,2
DA:69,21
DA:71,23
DA:74,21
DA:75,21
DA:76,21
DA:79,2
DA:80,2
DA:81,2
DA:84,2
DA:85,2
DA:86,0
DA:87,0
DA:88,0
DA:89,0
DA:90,0
DA:91,2
DA:93,2
DA:94,2
DA:96,4
DA:97,4
DA:98,0
DA:99,0
DA:100,0
DA:101,0
DA:102,4
DA:103,4
DA:104,4
DA:107,2
DA:108,2
DA:111,4
DA:112,4
DA:113,0
DA:114,0
DA:115,0
DA:116,0
DA:117,0
DA:118,4
DA:120,4
DA:121,0
DA:122,4
DA:124,4
DA:125,4
DA:127,8
DA:128,8
DA:129,8
DA:130,8
DA:131,8
DA:133,4
DA:134,4
DA:137,3
DA:138,3
DA:139,3
DA:140,1
DA:141,1
DA:142,1
DA:143,1
DA:144,1
DA:145,2
DA:147,2
DA:148,3
DA:151,3
DA:152,3
DA:153,0
DA:154,3
DA:156,3
DA:157,1
DA:158,0
DA:159,0
DA:160,0
DA:161,1
DA:162,1
DA:165,2
DA:169,3
DA:170,11
DA:171,8
DA:172,0
DA:173,0
DA:174,0
DA:175,8
DA:176,8
DA:177,0
DA:178,0
DA:179,0
DA:180,8
DA:181,8
DA:184,8
DA:185,3
DA:186,3
DA:187,3
DA:188,3
DA:192,0
DA:193,0
DA:194,0
DA:198,0
DA:199,0
DA:200,0
DA:202,0
DA:203,0
DA:204,0
DA:205,0
DA:206,0
DA:207,0
DA:208,0
DA:209,0
DA:212,0
DA:220,1
DA:221,1
DA:222,1
DA:223,1
DA:224,1
DA:225,1
DA:228,1
DA:229,1
DA:230,1
DA:231,1
DA:232,1
DA:233,1
DA:234,1
DA:237,1
DA:238,1
DA:239,1
DA:240,1
DA:241,1
DA:242,1
DA:245,1
DA:246,1
DA:249,1
DA:250,1
DA:253,1
DA:254,1
DA:255,1
DA:258,1
DA:259,1
DA:260,1
DA:261,1
DA:262,1
DA:263,1
DA:266,1
DA:267,1
DA:268,1
DA:269,1
DA:271,1
DA:272,1
DA:273,1
DA:276,1
DA:278,1
DA:281,1
DA:284,1
DA:285,1
DA:286,1
BRF:0
BRH:0
LF:192
LH:148
end_of_record
SF:/Users/ravindraboddipalli/sources/xdl/xdl-core/src/error.rs
FN:124,_RNCNvXININtCseIM1XrU3RyC_8xdl_core5errors1_0ppEINtNtCs2CqrNpCrSUr_4core6result6ResultppEINtB7_15XdlErrorContextpE11gdl_context0B9_
FN:123,_RNvXININtCseIM1XrU3RyC_8xdl_core5errors1_0ppEINtNtCs2CqrNpCrSUr_4core6result6ResultppEINtB5_15XdlErrorContextpE11gdl_contextB7_
FN:103,_RNvXININtCseIM1XrU3RyC_8xdl_core5errors_0pENtB5_8XdlErrorINtNtCs2CqrNpCrSUr_4core7convert4FromINtNtNtCs8oK182k1yMJ_8plotters7drawing4area20DrawingAreaErrorKindpEE4fromB7_
FN:93,_RNvXNtCseIM1XrU3RyC_8xdl_core5errorNtB2_8XdlErrorINtNtCs2CqrNpCrSUr_4core7convert4FromNtNtNtCs4N3M0UGf3SB_3std2io5error5ErrorE4from
FN:117,_RNvXs0_NtCseIM1XrU3RyC_8xdl_core5errorINtNtCs2CqrNpCrSUr_4core6option6OptionlEINtB5_15XdlErrorContextlE11gdl_contextB7_
FN:118,_RNCNvXs0_NtCseIM1XrU3RyC_8xdl_core5errorINtNtCs2CqrNpCrSUr_4core6option6OptionlEINtB7_15XdlErrorContextlE11gdl_context0B9_
FN:142,_RNvNtNtCseIM1XrU3RyC_8xdl_core5error5testss_18test_error_context
FN:133,_RNvNtNtCseIM1XrU3RyC_8xdl_core5error5testss_18test_error_display
FN:103,_RNvXs_NtCsgj69aNDdLpp_8xdl_core5errorNtB4_8XdlErrorINtNtCs2CqrNpCrSUr_4core7convert4FromINtNtNtCs8oK182k1yMJ_8plotters7drawing4area20DrawingAreaErrorKindNtNtCs6JLCEJeqNGJ_15plotters_bitmap5error18BitMapBackendErrorEE4fromCs7X22eMfvUxK_10xdl_stdlib
FNDA:0,_RNCNvXININtCseIM1XrU3RyC_8xdl_core5errors1_0ppEINtNtCs2CqrNpCrSUr_4core6result6ResultppEINtB7_15XdlErrorContextpE11gdl_context0B9_
FNDA:0,_RNvXININtCseIM1XrU3RyC_8xdl_core5errors1_0ppEINtNtCs2CqrNpCrSUr_4core6result6ResultppEINtB5_15XdlErrorContextpE11gdl_contextB7_
FNDA:0,_RNvXININtCseIM1XrU3RyC_8xdl_core5errors_0pENtB5_8XdlErrorINtNtCs2CqrNpCrSUr_4core7convert4FromINtNtNtCs8oK182k1yMJ_8plotters7drawing4area20DrawingAreaErrorKindpEE4fromB7_
FNDA:0,_RNvXNtCseIM1XrU3RyC_8xdl_core5errorNtB2_8XdlErrorINtNtCs2CqrNpCrSUr_4core7convert4FromNtNtNtCs4N3M0UGf3SB_3std2io5error5ErrorE4from
FNDA:1,_RNvXs0_NtCseIM1XrU3RyC_8xdl_core5errorINtNtCs2CqrNpCrSUr_4core6option6OptionlEINtB5_15XdlErrorContextlE11gdl_contextB7_
FNDA:1,_RNCNvXs0_NtCseIM1XrU3RyC_8xdl_core5errorINtNtCs2CqrNpCrSUr_4core6option6OptionlEINtB7_15XdlErrorContextlE11gdl_context0B9_
FNDA:1,_RNvNtNtCseIM1XrU3RyC_8xdl_core5error5testss_18test_error_context
FNDA:1,_RNvNtNtCseIM1XrU3RyC_8xdl_core5error5testss_18test_error_display
FNDA:0,_RNvXs_NtCsgj69aNDdLpp_8xdl_core5errorNtB4_8XdlErrorINtNtCs2CqrNpCrSUr_4core7convert4FromINtNtNtCs8oK182k1yMJ_8plotters7drawing4area20DrawingAreaErrorKindNtNtCs6JLCEJeqNGJ_15plotters_bitmap5error18BitMapBackendErrorEE4fromCs7X22eMfvUxK_10xdl_stdlib
FNF:8
FNH:4
DA:93,0
DA:94,0
DA:95,0
DA:103,0
DA:104,0
DA:105,0
DA:117,1
DA:118,1
DA:119,1
DA:123,0
DA:124,0
DA:125,0
DA:133,1
DA:134,1
DA:135,1
DA:136,1
DA:137,1
DA:138,1
DA:139,1
DA:142,1
DA:143,1
DA:144,1
DA:145,1
DA:146,1
BRF:0
BRH:0
LF:26
LH:16
end_of_record
SF:/Users/ravindraboddipalli/sources/xdl/xdl-core/src/lib.rs
FN:104,_RNvMCseIM1XrU3RyC_8xdl_coreNtB2_7GdlType10is_complex
FN:85,_RNvMCseIM1XrU3RyC_8xdl_coreNtB2_7GdlType10is_integer
FN:67,_RNvMCseIM1XrU3RyC_8xdl_coreNtB2_7GdlType10is_numeric
FN:45,_RNvMCseIM1XrU3RyC_8xdl_coreNtB2_7GdlType4size
FN:99,_RNvMCseIM1XrU3RyC_8xdl_coreNtB2_7GdlType8is_float
FN:110,_RNvXs_CseIM1XrU3RyC_8xdl_coreNtB4_7GdlTypeNtNtCs2CqrNpCrSUr_4core3fmt7Display3fmt
FN:138,_RNvNtCseIM1XrU3RyC_8xdl_core5testss_19test_gdl_type_sizes
FN:149,_RNvNtCseIM1XrU3RyC_8xdl_core5testss_20test_type_predicates
FN:104,_RNvMCsgj69aNDdLpp_8xdl_coreNtB2_7GdlType10is_complex
FN:85,_RNvMCsgj69aNDdLpp_8xdl_coreNtB2_7GdlType10is_integer
FN:67,_RNvMCsgj69aNDdLpp_8xdl_coreNtB2_7GdlType10is_numeric
FN:45,_RNvMCsgj69aNDdLpp_8xdl_coreNtB2_7GdlType4size
FN:99,_RNvMCsgj69aNDdLpp_8xdl_coreNtB2_7GdlType8is_float
FN:110,_RNvXs_Csgj69aNDdLpp_8xdl_coreNtB4_7GdlTypeNtNtCs2CqrNpCrSUr_4core3fmt7Display3fmt
FNDA:1,_RNvMCseIM1XrU3RyC_8xdl_coreNtB2_7GdlType10is_complex
FNDA:1,_RNvMCseIM1XrU3RyC_8xdl_coreNtB2_7GdlType10is_integer
FNDA:2,_RNvMCseIM1XrU3RyC_8xdl_coreNtB2_7GdlType10is_numeric
FNDA:9,_RNvMCseIM1XrU3RyC_8xdl_coreNtB2_7GdlType4size
FNDA:1,_RNvMCseIM1XrU3RyC_8xdl_coreNtB2_7GdlType8is_float
FNDA:0,_RNvXs_CseIM1XrU3RyC_8xdl_coreNtB4_7GdlTypeNtNtCs2CqrNpCrSUr_4core3fmt7Display3fmt
FNDA:1,_RNvNtCseIM1XrU3RyC_8xdl_core5testss_19test_gdl_type_sizes
FNDA:1,_RNvNtCseIM1XrU3RyC_8xdl_core5testss_20test_type_predicates
FNDA:0,_RNvMCsgj69aNDdLpp_8xdl_coreNtB2_7GdlType10is_complex
FNDA:0,_RNvMCsgj69aNDdLpp_8xdl_coreNtB2_7GdlType10is_integer
FNDA:0,_RNvMCsgj69aNDdLpp_8xdl_coreNtB2_7GdlType10is_numeric
FNDA:0,_RNvMCsgj69aNDdLpp_8xdl_coreNtB2_7GdlType4size
FNDA:0,_RNvMCsgj69aNDdLpp_8xdl_coreNtB2_7GdlType8is_float
FNDA:0,_RNvXs_Csgj69aNDdLpp_8xdl_coreNtB4_7GdlTypeNtNtCs2CqrNpCrSUr_4core3fmt7Display3fmt
FNF:8
FNH:7
DA:45,9
DA:46,9
DA:47,0
DA:48,1
DA:49,1
DA:50,1
DA:51,2
DA:52,2
DA:53,1
DA:54,1
DA:55,0
DA:56,0
DA:57,0
DA:58,0
DA:59,0
DA:60,0
DA:61,0
DA:62,0
DA:64,9
DA:67,2
DA:68,1
DA:69,2
DA:82,2
DA:85,1
DA:86,0
DA:87,1
DA:96,1
DA:99,1
DA:100,1
DA:101,1
DA:104,1
DA:105,1
DA:106,1
DA:110,0
DA:111,0
DA:112,0
DA:113,0
DA:114,0
DA:115,0
DA:116,0
DA:117,0
DA:118,0
DA:119,0
DA:120,0
DA:121,0
DA:122,0
DA:123,0
DA:124,0
DA:125,0
DA:126,0
DA:127,0
DA:129,0
DA:130,0
DA:138,1
DA:139,1
DA:140,1
DA:141,1
DA:142,1
DA:143,1
DA:144,1
DA:145,1
DA:146,1
DA:149,1
DA:150,1
DA:151,1
DA:152,1
DA:153,1
DA:154,1
DA:155,1
BRF:0
BRH:0
LF:69
LH:39
end_of_record
SF:/Users/ravindraboddipalli/sources/xdl/xdl-core/src/types.rs
FN:136,_RNCNvMNtCseIM1XrU3RyC_8xdl_core5typesNtB4_8XdlValue14to_string_repr0B6_
FN:128,_RNCNvMNtCseIM1XrU3RyC_8xdl_core5typesNtB4_8XdlValue14to_string_reprs0_0B6_
FN:144,_RNCNvMNtCseIM1XrU3RyC_8xdl_core5typesNtB4_8XdlValue14to_string_reprs1_0B6_
FN:110,_RNCNvMNtCseIM1XrU3RyC_8xdl_core5typesNtB4_8XdlValue14to_string_reprs_0B6_
FN:288,_RNCNvMNtCseIM1XrU3RyC_8xdl_core5typesNtB4_8XdlValue7is_zero0B6_
FN:291,_RNCNvMNtCseIM1XrU3RyC_8xdl_core5typesNtB4_8XdlValue7is_zeros0_0B6_
FN:289,_RNCNvMNtCseIM1XrU3RyC_8xdl_core5typesNtB4_8XdlValue7is_zeros_0B6_
FN:265,_RNvMNtCseIM1XrU3RyC_8xdl_core5typesNtB2_8XdlValue10n_elements
FN:233,_RNvMNtCseIM1XrU3RyC_8xdl_core5typesNtB2_8XdlValue13from_multidim
FN:64,_RNvMNtCseIM1XrU3RyC_8xdl_core5typesNtB2_8XdlValue14to_string_repr
FN:247,_RNvMNtCseIM1XrU3RyC_8xdl_core5typesNtB2_8XdlValue5shape
FN:274,_RNvMNtCseIM1XrU3RyC_8xdl_core5typesNtB2_8XdlValue7is_zero
FN:256,_RNvMNtCseIM1XrU3RyC_8xdl_core5typesNtB2_8XdlValue8as_slice
FN:358,_RNvXs0_NtCseIM1XrU3RyC_8xdl_core5typesINtNtCs1AhsD0INetT_5alloc5boxed3BoxDNtB5_7GdlDataEL_ENtNtCs2CqrNpCrSUr_4core5clone5Clone5clone
FN:335,_RNCNvMs_NtCseIM1XrU3RyC_8xdl_core5typesNtB6_9StructDef10find_field0B8_
FN:319,_RNCNvMs_NtCseIM1XrU3RyC_8xdl_core5typesNtB6_9StructDef3new0B8_
FN:200,_RNvMNtCseIM1XrU3RyC_8xdl_core5typesNtB2_8XdlValue7to_long
FN:39,_RNvMNtCseIM1XrU3RyC_8xdl_core5typesNtB2_8XdlValue8gdl_type
FN:167,_RNvMNtCseIM1XrU3RyC_8xdl_core5typesNtB2_8XdlValue9to_double
FN:332,_RNvMs_NtCseIM1XrU3RyC_8xdl_core5typesNtB4_9StructDef10find_field
FN:316,_RNvMs_NtCseIM1XrU3RyC_8xdl_core5typesNtB4_9StructDef3new
FN:388,_RNvNtNtCseIM1XrU3RyC_8xdl_core5types5testss_15test_struct_def
FN:368,_RNvNtNtCseIM1XrU3RyC_8xdl_core5types5testss_20test_gdl_value_types
FN:381,_RNvNtNtCseIM1XrU3RyC_8xdl_core5types5testss_22test_value_conversions
FN:265,_RNvMNtCsgj69aNDdLpp_8xdl_core5typesNtB2_8XdlValue10n_elements
FN:233,_RNvMNtCsgj69aNDdLpp_8xdl_core5typesNtB2_8XdlValue13from_multidim
FN:64,_RNvMNtCsgj69aNDdLpp_8xdl_core5typesNtB2_8XdlValue14to_string_repr
FN:247,_RNvMNtCsgj69aNDdLpp_8xdl_core5typesNtB2_8XdlValue5shape
FN:274,_RNvMNtCsgj69aNDdLpp_8xdl_core5typesNtB2_8XdlValue7is_zero
FN:200,_RNvMNtCsgj69aNDdLpp_8xdl_core5typesNtB2_8XdlValue7to_long
FN:256,_RNvMNtCsgj69aNDdLpp_8xdl_core5typesNtB2_8XdlValue8as_slice
FN:39,_RNvMNtCsgj69aNDdLpp_8xdl_core5typesNtB2_8XdlValue8gdl_type
FN:167,_RNvMNtCsgj69aNDdLpp_8xdl_core5typesNtB2_8XdlValue9to_double
FN:332,_RNvMs_NtCsgj69aNDdLpp_8xdl_core5typesNtB4_9StructDef10find_field
FN:316,_RNvMs_NtCsgj69aNDdLpp_8xdl_core5typesNtB4_9StructDef3new
FN:136,_RNCNvMNtCsgj69aNDdLpp_8xdl_core5typesNtB4_8XdlValue14to_string_repr0B6_
FN:128,_RNCNvMNtCsgj69aNDdLpp_8xdl_core5typesNtB4_8XdlValue14to_string_reprs0_0B6_
FN:144,_RNCNvMNtCsgj69aNDdLpp_8xdl_core5typesNtB4_8XdlValue14to_string_reprs1_0B6_
FN:110,_RNCNvMNtCsgj69aNDdLpp_8xdl_core5typesNtB4_8XdlValue14to_string_reprs_0B6_
FN:288,_RNCNvMNtCsgj69aNDdLpp_8xdl_core5typesNtB4_8XdlValue7is_zero0B6_
FN:291,_RNCNvMNtCsgj69aNDdLpp_8xdl_core5typesNtB4_8XdlValue7is_zeros0_0B6_
FN:289,_RNCNvMNtCsgj69aNDdLpp_8xdl_core5typesNtB4_8XdlValue7is_zeros_0B6_
FN:335,_RNCNvMs_NtCsgj69aNDdLpp_8xdl_core5typesNtB6_9StructDef10find_field0B8_
FN:319,_RNCNvMs_NtCsgj69aNDdLpp_8xdl_core5typesNtB6_9StructDef3new0B8_
FNDA:0,_RNCNvMNtCseIM1XrU3RyC_8xdl_core5typesNtB4_8XdlValue14to_string_repr0B6_
FNDA:0,_RNCNvMNtCseIM1XrU3RyC_8xdl_core5typesNtB4_8XdlValue14to_string_reprs0_0B6_
FNDA:0,_RNCNvMNtCseIM1XrU3RyC_8xdl_core5typesNtB4_8XdlValue14to_string_reprs1_0B6_
FNDA:0,_RNCNvMNtCseIM1XrU3RyC_8xdl_core5typesNtB4_8XdlValue14to_string_reprs_0B6_
FNDA:0,_RNCNvMNtCseIM1XrU3RyC_8xdl_core5typesNtB4_8XdlValue7is_zero0B6_
FNDA:0,_RNCNvMNtCseIM1XrU3RyC_8xdl_core5typesNtB4_8XdlValue7is_zeros0_0B6_
FNDA:0,_RNCNvMNtCseIM1XrU3RyC_8xdl_core5typesNtB4_8XdlValue7is_zeros_0B6_
FNDA:0,_RNvMNtCseIM1XrU3RyC_8xdl_core5typesNtB2_8XdlValue10n_elements
FNDA:0,_RNvMNtCseIM1XrU3RyC_8xdl_core5typesNtB2_8XdlValue13from_multidim
FNDA:0,_RNvMNtCseIM1XrU3RyC_8xdl_core5typesNtB2_8XdlValue14to_string_repr
FNDA:0,_RNvMNtCseIM1XrU3RyC_8xdl_core5typesNtB2_8XdlValue5shape
FNDA:0,_RNvMNtCseIM1XrU3RyC_8xdl_core5typesNtB2_8XdlValue7is_zero
FNDA:0,_RNvMNtCseIM1XrU3RyC_8xdl_core5typesNtB2_8XdlValue8as_slice
FNDA:0,_RNvXs0_NtCseIM1XrU3RyC_8xdl_core5typesINtNtCs1AhsD0INetT_5alloc5boxed3BoxDNtB5_7GdlDataEL_ENtNtCs2CqrNpCrSUr_4core5clone5Clone5clone
FNDA:3,_RNCNvMs_NtCseIM1XrU3RyC_8xdl_core5typesNtB6_9StructDef10find_field0B8_
FNDA:2,_RNCNvMs_NtCseIM1XrU3RyC_8xdl_core5typesNtB6_9StructDef3new0B8_
FNDA:1,_RNvMNtCseIM1XrU3RyC_8xdl_core5typesNtB2_8XdlValue7to_long
FNDA:3,_RNvMNtCseIM1XrU3RyC_8xdl_core5typesNtB2_8XdlValue8gdl_type
FNDA:1,_RNvMNtCseIM1XrU3RyC_8xdl_core5typesNtB2_8XdlValue9to_double
FNDA:2,_RNvMs_NtCseIM1XrU3RyC_8xdl_core5typesNtB4_9StructDef10find_field
FNDA:1,_RNvMs_NtCseIM1XrU3RyC_8xdl_core5typesNtB4_9StructDef3new
FNDA:1,_RNvNtNtCseIM1XrU3RyC_8xdl_core5types5testss_15test_struct_def
FNDA:1,_RNvNtNtCseIM1XrU3RyC_8xdl_core5types5testss_20test_gdl_value_types
FNDA:1,_RNvNtNtCseIM1XrU3RyC_8xdl_core5types5testss_22test_value_conversions
FNDA:0,_RNvMNtCsgj69aNDdLpp_8xdl_core5typesNtB2_8XdlValue10n_elements
FNDA:0,_RNvMNtCsgj69aNDdLpp_8xdl_core5typesNtB2_8XdlValue13from_multidim
FNDA:5,_RNvMNtCsgj69aNDdLpp_8xdl_core5typesNtB2_8XdlValue14to_string_repr
FNDA:0,_RNvMNtCsgj69aNDdLpp_8xdl_core5typesNtB2_8XdlValue5shape
FNDA:0,_RNvMNtCsgj69aNDdLpp_8xdl_core5typesNtB2_8XdlValue7is_zero
FNDA:0,_RNvMNtCsgj69aNDdLpp_8xdl_core5typesNtB2_8XdlValue7to_long
FNDA:0,_RNvMNtCsgj69aNDdLpp_8xdl_core5typesNtB2_8XdlValue8as_slice
FNDA:13,_RNvMNtCsgj69aNDdLpp_8xdl_core5typesNtB2_8XdlValue8gdl_type
FNDA:0,_RNvMNtCsgj69aNDdLpp_8xdl_core5typesNtB2_8XdlValue9to_double
FNDA:0,_RNvMs_NtCsgj69aNDdLpp_8xdl_core5typesNtB4_9StructDef10find_field
FNDA:0,_RNvMs_NtCsgj69aNDdLpp_8xdl_core5typesNtB4_9StructDef3new
FNDA:0,_RNCNvMNtCsgj69aNDdLpp_8xdl_core5typesNtB4_8XdlValue14to_string_repr0B6_
FNDA:0,_RNCNvMNtCsgj69aNDdLpp_8xdl_core5typesNtB4_8XdlValue14to_string_reprs0_0B6_
FNDA:0,_RNCNvMNtCsgj69aNDdLpp_8xdl_core5typesNtB4_8XdlValue14to_string_reprs1_0B6_
FNDA:0,_RNCNvMNtCsgj69aNDdLpp_8xdl_core5typesNtB4_8XdlValue14to_string_reprs_0B6_
FNDA:0,_RNCNvMNtCsgj69aNDdLpp_8xdl_core5typesNtB4_8XdlValue7is_zero0B6_
FNDA:0,_RNCNvMNtCsgj69aNDdLpp_8xdl_core5typesNtB4_8XdlValue7is_zeros0_0B6_
FNDA:0,_RNCNvMNtCsgj69aNDdLpp_8xdl_core5typesNtB4_8XdlValue7is_zeros_0B6_
FNDA:0,_RNCNvMs_NtCsgj69aNDdLpp_8xdl_core5typesNtB6_9StructDef10find_field0B8_
FNDA:0,_RNCNvMs_NtCsgj69aNDdLpp_8xdl_core5typesNtB6_9StructDef3new0B8_
FNF:24
FNH:11
DA:39,16
DA:40,16
DA:41,0
DA:42,1
DA:43,0
DA:44,2
DA:45,2
DA:46,10
DA:47,0
DA:48,0
DA:49,1
DA:50,0
DA:51,0
DA:52,0
DA:53,0
DA:54,0
DA:55,0
DA:56,0
DA:57,0
DA:58,0
DA:59,0
DA:61,16
DA:64,5
DA:65,5
DA:66,0
DA:67,0
DA:68,0
DA:69,2
DA:70,0
DA:71,0
DA:72,0
DA:73,0
DA:74,0
DA:75,0
DA:77,0
DA:80,0
DA:83,1
DA:84,1
DA:85,1
DA:86,0
DA:87,0
DA:88,0
DA:90,0
DA:93,0
DA:96,0
DA:97,0
DA:98,2
DA:99,0
DA:100,0
DA:101,0
DA:102,0
DA:103,0
DA:104,0
DA:105,0
DA:106,0
DA:107,0
DA:108,0
DA:109,0
DA:110,0
DA:111,0
DA:112,0
DA:115,0
DA:116,0
DA:117,0
DA:118,0
DA:119,0
DA:120,0
DA:124,0
DA:125,0
DA:126,0
DA:127,0
DA:128,0
DA:129,0
DA:130,0
DA:133,0
DA:134,0
DA:135,0
DA:136,0
DA:137,0
DA:138,0
DA:139,0
DA:140,0
DA:141,0
DA:143,0
DA:144,0
DA:145,0
DA:146,0
DA:149,0
DA:150,0
DA:152,0
DA:153,0
DA:154,0
DA:155,0
DA:159,0
DA:161,0
DA:164,5
DA:167,1
DA:168,1
DA:169,0
DA:170,1
DA:171,0
DA:172,0
DA:173,0
DA:174,0
DA:175,0
DA:176,0
DA:177,0
DA:178,0
DA:179,0
DA:180,0
DA:182,0
DA:185,0
DA:186,0
DA:187,0
DA:189,0
DA:192,0
DA:193,0
DA:194,0
DA:195,0
DA:197,1
DA:200,1
DA:201,1
DA:202,0
DA:203,1
DA:204,0
DA:205,0
DA:206,0
DA:207,0
DA:208,0
DA:209,0
DA:210,0
DA:211,0
DA:212,0
DA:213,0
DA:215,0
DA:218,0
DA:219,0
DA:220,0
DA:222,0
DA:225,0
DA:226,0
DA:227,0
DA:228,0
DA:230,1
DA:233,0
DA:234,0
DA:235,0
DA:236,0
DA:237,0
DA:238,0
DA:239,0
DA:240,0
DA:241,0
DA:242,0
DA:243,0
DA:244,0
DA:247,0
DA:248,0
DA:249,0
DA:250,0
DA:251,0
DA:253,0
DA:256,0
DA:257,0
DA:258,0
DA:259,0
DA:260,0
DA:262,0
DA:265,0
DA:266,0
DA:267,0
DA:268,0
DA:269,0
DA:271,0
DA:274,0
DA:275,0
DA:276,0
DA:277,0
DA:278,0
DA:279,0
DA:280,0
DA:281,0
DA:282,0
DA:283,0
DA:284,0
DA:285,0
DA:286,0
DA:287,0
DA:288,0
DA:289,0
DA:290,0
DA:291,0
DA:293,0
DA:294,0
DA:296,0
DA:316,1
DA:317,1
DA:318,1
DA:319,2
DA:320,2
DA:321,2
DA:322,0
DA:324,2
DA:326,2
DA:327,1
DA:329,1
DA:330,1
DA:332,2
DA:333,2
DA:334,2
DA:335,3
DA:336,2
DA:358,0
DA:359,0
DA:360,0
DA:368,1
DA:369,1
DA:370,1
DA:371,1
DA:374,1
DA:375,1
DA:378,1
DA:381,1
DA:382,1
DA:383,1
DA:384,1
DA:385,1
DA:388,1
DA:389,1
DA:390,1
DA:391,1
DA:392,1
DA:393,1
DA:394,1
DA:395,1
DA:396,1
DA:397,1
DA:398,1
DA:399,1
DA:402,1
DA:403,1
DA:404,1
DA:405,1
DA:406,1
BRF:0
BRH:0
LF:253
LH:69
end_of_record
SF:/Users/ravindraboddipalli/sources/xdl/xdl-ffi/src/gsl.rs
FN:6,_RNvMNtCs2zuxy40ZI89_7xdl_ffi3gslNtB2_12GslInterface3new
FN:12,_RNvXs_NtCs2zuxy40ZI89_7xdl_ffi3gslNtB4_12GslInterfaceNtNtCs2CqrNpCrSUr_4core7default7Default7default
FNDA:0,_RNvMNtCs2zuxy40ZI89_7xdl_ffi3gslNtB2_12GslInterface3new
FNDA:0,_RNvXs_NtCs2zuxy40ZI89_7xdl_ffi3gslNtB4_12GslInterfaceNtNtCs2CqrNpCrSUr_4core7default7Default7default
FNF:2
FNH:0
DA:6,0
DA:7,0
DA:8,0
DA:12,0
DA:13,0
DA:14,0
BRF:0
BRH:0
LF:6
LH:0
end_of_record
SF:/Users/ravindraboddipalli/sources/xdl/xdl-ffi/src/hdf5.rs
FN:6,_RNvMNtCs2zuxy40ZI89_7xdl_ffi4hdf5NtB2_13Hdf5Interface3new
FN:12,_RNvXs_NtCs2zuxy40ZI89_7xdl_ffi4hdf5NtB4_13Hdf5InterfaceNtNtCs2CqrNpCrSUr_4core7default7Default7default
FNDA:0,_RNvMNtCs2zuxy40ZI89_7xdl_ffi4hdf5NtB2_13Hdf5Interface3new
FNDA:0,_RNvXs_NtCs2zuxy40ZI89_7xdl_ffi4hdf5NtB4_13Hdf5InterfaceNtNtCs2CqrNpCrSUr_4core7default7Default7default
FNF:2
FNH:0
DA:6,0
DA:7,0
DA:8,0
DA:12,0
DA:13,0
DA:14,0
BRF:0
BRH:0
LF:6
LH:0
end_of_record
SF:/Users/ravindraboddipalli/sources/xdl/xdl-ffi/src/lib.rs
FN:14,_RNvMCs2zuxy40ZI89_7xdl_ffiNtB2_10FfiManager3new
FN:22,_RNvXs_Cs2zuxy40ZI89_7xdl_ffiNtB4_10FfiManagerNtNtCs2CqrNpCrSUr_4core7default7Default7default
FNDA:0,_RNvMCs2zuxy40ZI89_7xdl_ffiNtB2_10FfiManager3new
FNDA:0,_RNvXs_Cs2zuxy40ZI89_7xdl_ffiNtB4_10FfiManagerNtNtCs2CqrNpCrSUr_4core7default7Default7default
FNF:2
FNH:0
DA:14,0
DA:15,0
DA:16,0
DA:17,0
DA:18,0
DA:22,0
DA:23,0
DA:24,0
BRF:0
BRH:0
LF:8
LH:0
end_of_record
SF:/Users/ravindraboddipalli/sources/xdl/xdl-ffi/src/netcdf.rs
FN:6,_RNvMNtCs2zuxy40ZI89_7xdl_ffi6netcdfNtB2_15NetCdfInterface3new
FN:12,_RNvXs_NtCs2zuxy40ZI89_7xdl_ffi6netcdfNtB4_15NetCdfInterfaceNtNtCs2CqrNpCrSUr_4core7default7Default7default
FNDA:0,_RNvMNtCs2zuxy40ZI89_7xdl_ffi6netcdfNtB2_15NetCdfInterface3new
FNDA:0,_RNvXs_NtCs2zuxy40ZI89_7xdl_ffi6netcdfNtB4_15NetCdfInterfaceNtNtCs2CqrNpCrSUr_4core7default7Default7default
FNF:2
FNH:0
DA:6,0
DA:7,0
DA:8,0
DA:12,0
DA:13,0
DA:14,0
BRF:0
BRH:0
LF:6
LH:0
end_of_record
SF:/Users/ravindraboddipalli/sources/xdl/xdl-gui/src/gui.rs
FN:294,_RNCNCNvMs_NtCs7EjM2xNHxH9_7xdl_gui3guiNtB8_6XdlGui3news_00Ba_
FN:839,_RNCNCNvMs_NtCs7EjM2xNHxH9_7xdl_gui3guiNtB8_6XdlGui3newsx_00Ba_
FN:152,_RNCNvMNtCs7EjM2xNHxH9_7xdl_gui3guiNtB4_13VariableTable11update_data0B6_
FN:69,_RNCNvMNtCs7EjM2xNHxH9_7xdl_gui3guiNtB4_13VariableTable3new0B6_
FN:1013,_RNCNvMs_NtCs7EjM2xNHxH9_7xdl_gui3guiNtB6_6XdlGui13get_file_type0B8_
FN:1027,_RNCNvMs_NtCs7EjM2xNHxH9_7xdl_gui3guiNtB6_6XdlGui17looks_like_matlab0B8_
FN:1075,_RNCNvMs_NtCs7EjM2xNHxH9_7xdl_gui3guiNtB6_6XdlGui17looks_like_matlabs0_0B8_
FN:1040,_RNCNvMs_NtCs7EjM2xNHxH9_7xdl_gui3guiNtB6_6XdlGui17looks_like_matlabs_0B8_
FN:1585,_RNCNvMs_NtCs7EjM2xNHxH9_7xdl_gui3guiNtB6_6XdlGui19create_indexed_data0B8_
FN:1505,_RNCNvMs_NtCs7EjM2xNHxH9_7xdl_gui3guiNtB6_6XdlGui20parse_plot_arguments0B8_
FN:1506,_RNCNvMs_NtCs7EjM2xNHxH9_7xdl_gui3guiNtB6_6XdlGui20parse_plot_argumentss_0B8_
FN:1186,_RNCNvMs_NtCs7EjM2xNHxH9_7xdl_gui3guiNtB6_6XdlGui20show_execution_trace0B8_
FN:1349,_RNCNvMs_NtCs7EjM2xNHxH9_7xdl_gui3guiNtB6_6XdlGui22simulate_xdl_execution0B8_
FN:1523,_RNCNvMs_NtCs7EjM2xNHxH9_7xdl_gui3guiNtB6_6XdlGui26generate_data_for_variable0B8_
FN:1537,_RNCNvMs_NtCs7EjM2xNHxH9_7xdl_gui3guiNtB6_6XdlGui26generate_data_for_variables0_0B8_
FN:1538,_RNCNvMs_NtCs7EjM2xNHxH9_7xdl_gui3guiNtB6_6XdlGui26generate_data_for_variables1_0B8_
FN:1542,_RNCNvMs_NtCs7EjM2xNHxH9_7xdl_gui3guiNtB6_6XdlGui26generate_data_for_variables2_0B8_
FN:1544,_RNCNvMs_NtCs7EjM2xNHxH9_7xdl_gui3guiNtB6_6XdlGui26generate_data_for_variables3_0B8_
FN:1549,_RNCNvMs_NtCs7EjM2xNHxH9_7xdl_gui3guiNtB6_6XdlGui26generate_data_for_variables4_0B8_
FN:1558,_RNCNvMs_NtCs7EjM2xNHxH9_7xdl_gui3guiNtB6_6XdlGui26generate_data_for_variables5_0B8_
FN:1562,_RNCNvMs_NtCs7EjM2xNHxH9_7xdl_gui3guiNtB6_6XdlGui26generate_data_for_variables6_0B8_
FN:1566,_RNCNvMs_NtCs7EjM2xNHxH9_7xdl_gui3guiNtB6_6XdlGui26generate_data_for_variables7_0B8_
FN:1567,_RNCNvMs_NtCs7EjM2xNHxH9_7xdl_gui3guiNtB6_6XdlGui26generate_data_for_variables8_0B8_
FN:1571,_RNCNvMs_NtCs7EjM2xNHxH9_7xdl_gui3guiNtB6_6XdlGui26generate_data_for_variables9_0B8_
FN:1527,_RNCNvMs_NtCs7EjM2xNHxH9_7xdl_gui3guiNtB6_6XdlGui26generate_data_for_variables_0B8_
FN:1576,_RNCNvMs_NtCs7EjM2xNHxH9_7xdl_gui3guiNtB6_6XdlGui26generate_data_for_variablesa_0B8_
FN:1577,_RNCNvMs_NtCs7EjM2xNHxH9_7xdl_gui3guiNtB6_6XdlGui26generate_data_for_variablesb_0B8_
FN:1250,_RNCNvMs_NtCs7EjM2xNHxH9_7xdl_gui3guiNtB6_6XdlGui27execute_fallback_simulation0B8_
FN:1480,_RNCNvMs_NtCs7EjM2xNHxH9_7xdl_gui3guiNtB6_6XdlGui30extract_plot_data_with_formula0B8_
FN:1481,_RNCNvMs_NtCs7EjM2xNHxH9_7xdl_gui3guiNtB6_6XdlGui30extract_plot_data_with_formulas_0B8_
FN:263,_RNCNvMs_NtCs7EjM2xNHxH9_7xdl_gui3guiNtB6_6XdlGui3new0B8_
FN:337,_RNCNvMs_NtCs7EjM2xNHxH9_7xdl_gui3guiNtB6_6XdlGui3news0_0B8_
FN:364,_RNCNvMs_NtCs7EjM2xNHxH9_7xdl_gui3guiNtB6_6XdlGui3news1_0B8_
FN:387,_RNCNvMs_NtCs7EjM2xNHxH9_7xdl_gui3guiNtB6_6XdlGui3news2_0B8_
FN:395,_RNCNvMs_NtCs7EjM2xNHxH9_7xdl_gui3guiNtB6_6XdlGui3news3_0B8_
FN:404,_RNCNvMs_NtCs7EjM2xNHxH9_7xdl_gui3guiNtB6_6XdlGui3news4_0B8_
FN:411,_RNCNvMs_NtCs7EjM2xNHxH9_7xdl_gui3guiNtB6_6XdlGui3news5_0B8_
FN:421,_RNCNvMs_NtCs7EjM2xNHxH9_7xdl_gui3guiNtB6_6XdlGui3news6_0B8_
FN:431,_RNCNvMs_NtCs7EjM2xNHxH9_7xdl_gui3guiNtB6_6XdlGui3news7_0B8_
FN:441,_RNCNvMs_NtCs7EjM2xNHxH9_7xdl_gui3guiNtB6_6XdlGui3news8_0B8_
FN:448,_RNCNvMs_NtCs7EjM2xNHxH9_7xdl_gui3guiNtB6_6XdlGui3news9_0B8_
FN:917,_RNCNvMs_NtCs7EjM2xNHxH9_7xdl_gui3guiNtB6_6XdlGui3newsA_0B8_
FN:278,_RNCNvMs_NtCs7EjM2xNHxH9_7xdl_gui3guiNtB6_6XdlGui3news_0B8_
FN:458,_RNCNvMs_NtCs7EjM2xNHxH9_7xdl_gui3guiNtB6_6XdlGui3newsa_0B8_
FN:468,_RNCNvMs_NtCs7EjM2xNHxH9_7xdl_gui3guiNtB6_6XdlGui3newsb_0B8_
FN:478,_RNCNvMs_NtCs7EjM2xNHxH9_7xdl_gui3guiNtB6_6XdlGui3newsc_0B8_
FN:485,_RNCNvMs_NtCs7EjM2xNHxH9_7xdl_gui3guiNtB6_6XdlGui3newsd_0B8_
FN:495,_RNCNvMs_NtCs7EjM2xNHxH9_7xdl_gui3guiNtB6_6XdlGui3newse_0B8_
FN:505,_RNCNvMs_NtCs7EjM2xNHxH9_7xdl_gui3guiNtB6_6XdlGui3newsf_0B8_
FN:517,_RNCNvMs_NtCs7EjM2xNHxH9_7xdl_gui3guiNtB6_6XdlGui3newsg_0B8_
FN:527,_RNCNvMs_NtCs7EjM2xNHxH9_7xdl_gui3guiNtB6_6XdlGui3newsh_0B8_
FN:538,_RNCNvMs_NtCs7EjM2xNHxH9_7xdl_gui3guiNtB6_6XdlGui3newsi_0B8_
FN:550,_RNCNvMs_NtCs7EjM2xNHxH9_7xdl_gui3guiNtB6_6XdlGui3newsj_0B8_
FN:560,_RNCNvMs_NtCs7EjM2xNHxH9_7xdl_gui3guiNtB6_6XdlGui3newsk_0B8_
FN:568,_RNCNvMs_NtCs7EjM2xNHxH9_7xdl_gui3guiNtB6_6XdlGui3newsl_0B8_
FN:579,_RNCNvMs_NtCs7EjM2xNHxH9_7xdl_gui3guiNtB6_6XdlGui3newsm_0B8_
FN:589,_RNCNvMs_NtCs7EjM2xNHxH9_7xdl_gui3guiNtB6_6XdlGui3newsn_0B8_
FN:599,_RNCNvMs_NtCs7EjM2xNHxH9_7xdl_gui3guiNtB6_6XdlGui3newso_0B8_
FN:606,_RNCNvMs_NtCs7EjM2xNHxH9_7xdl_gui3guiNtB6_6XdlGui3newsp_0B8_
FN:617,_RNCNvMs_NtCs7EjM2xNHxH9_7xdl_gui3guiNtB6_6XdlGui3newsq_0B8_
FN:627,_RNCNvMs_NtCs7EjM2xNHxH9_7xdl_gui3guiNtB6_6XdlGui3newsr_0B8_
FN:638,_RNCNvMs_NtCs7EjM2xNHxH9_7xdl_gui3guiNtB6_6XdlGui3newss_0B8_
FN:664,_RNCNvMs_NtCs7EjM2xNHxH9_7xdl_gui3guiNtB6_6XdlGui3newst_0B8_
FN:693,_RNCNvMs_NtCs7EjM2xNHxH9_7xdl_gui3guiNtB6_6XdlGui3newsu_0B8_
FN:700,_RNCNvMs_NtCs7EjM2xNHxH9_7xdl_gui3guiNtB6_6XdlGui3newsv_0B8_
FN:790,_RNCNvMs_NtCs7EjM2xNHxH9_7xdl_gui3guiNtB6_6XdlGui3newsw_0B8_
FN:809,_RNCNvMs_NtCs7EjM2xNHxH9_7xdl_gui3guiNtB6_6XdlGui3newsx_0B8_
FN:894,_RNCNvMs_NtCs7EjM2xNHxH9_7xdl_gui3guiNtB6_6XdlGui3newsy_0B8_
FN:901,_RNCNvMs_NtCs7EjM2xNHxH9_7xdl_gui3guiNtB6_6XdlGui3newsz_0B8_
FN:147,_RNvMNtCs7EjM2xNHxH9_7xdl_gui3guiNtB2_13VariableTable11update_data
FN:48,_RNvMNtCs7EjM2xNHxH9_7xdl_gui3guiNtB2_13VariableTable3new
FN:1010,_RNvMs_NtCs7EjM2xNHxH9_7xdl_gui3guiNtB4_6XdlGui13get_file_type
FN:1432,_RNvMs_NtCs7EjM2xNHxH9_7xdl_gui3guiNtB4_6XdlGui15truncate_string
FN:1078,_RNvMs_NtCs7EjM2xNHxH9_7xdl_gui3guiNtB4_6XdlGui16execute_xdl_code
FN:1024,_RNvMs_NtCs7EjM2xNHxH9_7xdl_gui3guiNtB4_6XdlGui17looks_like_matlab
FN:1584,_RNvMs_NtCs7EjM2xNHxH9_7xdl_gui3guiNtB4_6XdlGui19create_indexed_data
FN:1488,_RNvMs_NtCs7EjM2xNHxH9_7xdl_gui3guiNtB4_6XdlGui20parse_plot_arguments
FN:1178,_RNvMs_NtCs7EjM2xNHxH9_7xdl_gui3guiNtB4_6XdlGui20show_execution_trace
FN:940,_RNvMs_NtCs7EjM2xNHxH9_7xdl_gui3guiNtB4_6XdlGui21handle_file_selection
FN:1422,_RNvMs_NtCs7EjM2xNHxH9_7xdl_gui3guiNtB4_6XdlGui21update_variable_table
FN:1279,_RNvMs_NtCs7EjM2xNHxH9_7xdl_gui3guiNtB4_6XdlGui22simulate_xdl_execution
FN:1511,_RNvMs_NtCs7EjM2xNHxH9_7xdl_gui3guiNtB4_6XdlGui26generate_data_for_variable
FN:1242,_RNvMs_NtCs7EjM2xNHxH9_7xdl_gui3guiNtB4_6XdlGui27execute_fallback_simulation
FN:1441,_RNvMs_NtCs7EjM2xNHxH9_7xdl_gui3guiNtB4_6XdlGui28extract_number_from_function
FN:1590,_RNvMs_NtCs7EjM2xNHxH9_7xdl_gui3guiNtB4_6XdlGui29generate_formula_for_variable
FN:1453,_RNvMs_NtCs7EjM2xNHxH9_7xdl_gui3guiNtB4_6XdlGui30extract_plot_data_with_formula
FN:1385,_RNvMs_NtCs7EjM2xNHxH9_7xdl_gui3guiNtB4_6XdlGui32simulate_xdl_execution_with_vars
FN:1000,_RNvMs_NtCs7EjM2xNHxH9_7xdl_gui3guiNtB4_6XdlGui34extract_filename_from_browser_text
FN:232,_RNvMs_NtCs7EjM2xNHxH9_7xdl_gui3guiNtB4_6XdlGui3new
FN:1634,_RNvMs_NtCs7EjM2xNHxH9_7xdl_gui3guiNtB4_6XdlGui4show
FN:28,_RNCNvNtCs7EjM2xNHxH9_7xdl_gui3gui20PENDING_PLOT_WINDOWS0B5_
FNDA:0,_RNCNCNvMs_NtCs7EjM2xNHxH9_7xdl_gui3guiNtB8_6XdlGui3news_00Ba_
FNDA:0,_RNCNCNvMs_NtCs7EjM2xNHxH9_7xdl_gui3guiNtB8_6XdlGui3newsx_00Ba_
FNDA:0,_RNCNvMNtCs7EjM2xNHxH9_7xdl_gui3guiNtB4_13VariableTable11update_data0B6_
FNDA:0,_RNCNvMNtCs7EjM2xNHxH9_7xdl_gui3guiNtB4_13VariableTable3new0B6_
FNDA:0,_RNCNvMs_NtCs7EjM2xNHxH9_7xdl_gui3guiNtB6_6XdlGui13get_file_type0B8_
FNDA:0,_RNCNvMs_NtCs7EjM2xNHxH9_7xdl_gui3guiNtB6_6XdlGui17looks_like_matlab0B8_
FNDA:0,_RNCNvMs_NtCs7EjM2xNHxH9_7xdl_gui3guiNtB6_6XdlGui17looks_like_matlabs0_0B8_
FNDA:0,_RNCNvMs_NtCs7EjM2xNHxH9_7xdl_gui3guiNtB6_6XdlGui17looks_like_matlabs_0B8_
FNDA:0,_RNCNvMs_NtCs7EjM2xNHxH9_7xdl_gui3guiNtB6_6XdlGui19create_indexed_data0B8_
FNDA:0,_RNCNvMs_NtCs7EjM2xNHxH9_7xdl_gui3guiNtB6_6XdlGui20parse_plot_arguments0B8_
FNDA:0,_RNCNvMs_NtCs7EjM2xNHxH9_7xdl_gui3guiNtB6_6XdlGui20parse_plot_argumentss_0B8_
FNDA:0,_RNCNvMs_NtCs7EjM2xNHxH9_7xdl_gui3guiNtB6_6XdlGui20show_execution_trace0B8_
FNDA:0,_RNCNvMs_NtCs7EjM2xNHxH9_7xdl_gui3guiNtB6_6XdlGui22simulate_xdl_execution0B8_
FNDA:0,_RNCNvMs_NtCs7EjM2xNHxH9_7xdl_gui3guiNtB6_6XdlGui26generate_data_for_variable0B8_
FNDA:0,_RNCNvMs_NtCs7EjM2xNHxH9_7xdl_gui3guiNtB6_6XdlGui26generate_data_for_variables0_0B8_
FNDA:0,_RNCNvMs_NtCs7EjM2xNHxH9_7xdl_gui3guiNtB6_6XdlGui26generate_data_for_variables1_0B8_
FNDA:0,_RNCNvMs_NtCs7EjM2xNHxH9_7xdl_gui3guiNtB6_6XdlGui26generate_data_for_variables2_0B8_
FNDA:0,_RNCNvMs_NtCs7EjM2xNHxH9_7xdl_gui3guiNtB6_6XdlGui26generate_data_for_variables3_0B8_
FNDA:0,_RNCNvMs_NtCs7EjM2xNHxH9_7xdl_gui3guiNtB6_6XdlGui26generate_data_for_variables4_0B8_
FNDA:0,_RNCNvMs_NtCs7EjM2xNHxH9_7xdl_gui3guiNtB6_6XdlGui26generate_data_for_variables5_0B8_
FNDA:0,_RNCNvMs_NtCs7EjM2xNHxH9_7xdl_gui3guiNtB6_6XdlGui26generate_data_for_variables6_0B8_
FNDA:0,_RNCNvMs_NtCs7EjM2xNHxH9_7xdl_gui3guiNtB6_6XdlGui26generate_data_for_variables7_0B8_
FNDA:0,_RNCNvMs_NtCs7EjM2xNHxH9_7xdl_gui3guiNtB6_6XdlGui26generate_data_for_variables8_0B8_
FNDA:0,_RNCNvMs_NtCs7EjM2xNHxH9_7xdl_gui3guiNtB6_6XdlGui26generate_data_for_variables9_0B8_
FNDA:0,_RNCNvMs_NtCs7EjM2xNHxH9_7xdl_gui3guiNtB6_6XdlGui26generate_data_for_variables_0B8_
FNDA:0,_RNCNvMs_NtCs7EjM2xNHxH9_7xdl_gui3guiNtB6_6XdlGui26generate_data_for_variablesa_0B8_
FNDA:0,_RNCNvMs_NtCs7EjM2xNHxH9_7xdl_gui3guiNtB6_6XdlGui26generate_data_for_variablesb_0B8_
FNDA:0,_RNCNvMs_NtCs7EjM2xNHxH9_7xdl_gui3guiNtB6_6XdlGui27execute_fallback_simulation0B8_
FNDA:0,_RNCNvMs_NtCs7EjM2xNHxH9_7xdl_gui3guiNtB6_6XdlGui30extract_plot_data_with_formula0B8_
FNDA:0,_RNCNvMs_NtCs7EjM2xNHxH9_7xdl_gui3guiNtB6_6XdlGui30extract_plot_data_with_formulas_0B8_
FNDA:0,_RNCNvMs_NtCs7EjM2xNHxH9_7xdl_gui3guiNtB6_6XdlGui3new0B8_
FNDA:0,_RNCNvMs_NtCs7EjM2xNHxH9_7xdl_gui3guiNtB6_6XdlGui3news0_0B8_
FNDA:0,_RNCNvMs_NtCs7EjM2xNHxH9_7xdl_gui3guiNtB6_6XdlGui3news1_0B8_
FNDA:0,_RNCNvMs_NtCs7EjM2xNHxH9_7xdl_gui3guiNtB6_6XdlGui3news2_0B8_
FNDA:0,_RNCNvMs_NtCs7EjM2xNHxH9_7xdl_gui3guiNtB6_6XdlGui3news3_0B8_
FNDA:0,_RNCNvMs_NtCs7EjM2xNHxH9_7xdl_gui3guiNtB6_6XdlGui3news4_0B8_
FNDA:0,_RNCNvMs_NtCs7EjM2xNHxH9_7xdl_gui3guiNtB6_6XdlGui3news5_0B8_
FNDA:0,_RNCNvMs_NtCs7EjM2xNHxH9_7xdl_gui3guiNtB6_6XdlGui3news6_0B8_
FNDA:0,_RNCNvMs_NtCs7EjM2xNHxH9_7xdl_gui3guiNtB6_6XdlGui3news7_0B8_
FNDA:0,_RNCNvMs_NtCs7EjM2xNHxH9_7xdl_gui3guiNtB6_6XdlGui3news8_0B8_
FNDA:0,_RNCNvMs_NtCs7EjM2xNHxH9_7xdl_gui3guiNtB6_6XdlGui3news9_0B8_
FNDA:0,_RNCNvMs_NtCs7EjM2xNHxH9_7xdl_gui3guiNtB6_6XdlGui3newsA_0B8_
FNDA:0,_RNCNvMs_NtCs7EjM2xNHxH9_7xdl_gui3guiNtB6_6XdlGui3news_0B8_
FNDA:0,_RNCNvMs_NtCs7EjM2xNHxH9_7xdl_gui3guiNtB6_6XdlGui3newsa_0B8_
FNDA:0,_RNCNvMs_NtCs7EjM2xNHxH9_7xdl_gui3guiNtB6_6XdlGui3newsb_0B8_
FNDA:0,_RNCNvMs_NtCs7EjM2xNHxH9_7xdl_gui3guiNtB6_6XdlGui3newsc_0B8_
FNDA:0,_RNCNvMs_NtCs7EjM2xNHxH9_7xdl_gui3guiNtB6_6XdlGui3newsd_0B8_
FNDA:0,_RNCNvMs_NtCs7EjM2xNHxH9_7xdl_gui3guiNtB6_6XdlGui3newse_0B8_
FNDA:0,_RNCNvMs_NtCs7EjM2xNHxH9_7xdl_gui3guiNtB6_6XdlGui3newsf_0B8_
FNDA:0,_RNCNvMs_NtCs7EjM2xNHxH9_7xdl_gui3guiNtB6_6XdlGui3newsg_0B8_
FNDA:0,_RNCNvMs_NtCs7EjM2xNHxH9_7xdl_gui3guiNtB6_6XdlGui3newsh_0B8_
FNDA:0,_RNCNvMs_NtCs7EjM2xNHxH9_7xdl_gui3guiNtB6_6XdlGui3newsi_0B8_
FNDA:0,_RNCNvMs_NtCs7EjM2xNHxH9_7xdl_gui3guiNtB6_6XdlGui3newsj_0B8_
FNDA:0,_RNCNvMs_NtCs7EjM2xNHxH9_7xdl_gui3guiNtB6_6XdlGui3newsk_0B8_
FNDA:0,_RNCNvMs_NtCs7EjM2xNHxH9_7xdl_gui3guiNtB6_6XdlGui3newsl_0B8_
FNDA:0,_RNCNvMs_NtCs7EjM2xNHxH9_7xdl_gui3guiNtB6_6XdlGui3newsm_0B8_
FNDA:0,_RNCNvMs_NtCs7EjM2xNHxH9_7xdl_gui3guiNtB6_6XdlGui3newsn_0B8_
FNDA:0,_RNCNvMs_NtCs7EjM2xNHxH9_7xdl_gui3guiNtB6_6XdlGui3newso_0B8_
FNDA:0,_RNCNvMs_NtCs7EjM2xNHxH9_7xdl_gui3guiNtB6_6XdlGui3newsp_0B8_
FNDA:0,_RNCNvMs_NtCs7EjM2xNHxH9_7xdl_gui3guiNtB6_6XdlGui3newsq_0B8_
FNDA:0,_RNCNvMs_NtCs7EjM2xNHxH9_7xdl_gui3guiNtB6_6XdlGui3newsr_0B8_
FNDA:0,_RNCNvMs_NtCs7EjM2xNHxH9_7xdl_gui3guiNtB6_6XdlGui3newss_0B8_
FNDA:0,_RNCNvMs_NtCs7EjM2xNHxH9_7xdl_gui3guiNtB6_6XdlGui3newst_0B8_
FNDA:0,_RNCNvMs_NtCs7EjM2xNHxH9_7xdl_gui3guiNtB6_6XdlGui3newsu_0B8_
FNDA:0,_RNCNvMs_NtCs7EjM2xNHxH9_7xdl_gui3guiNtB6_6XdlGui3newsv_0B8_
FNDA:0,_RNCNvMs_NtCs7EjM2xNHxH9_7xdl_gui3guiNtB6_6XdlGui3newsw_0B8_
FNDA:0,_RNCNvMs_NtCs7EjM2xNHxH9_7xdl_gui3guiNtB6_6XdlGui3newsx_0B8_
FNDA:0,_RNCNvMs_NtCs7EjM2xNHxH9_7xdl_gui3guiNtB6_6XdlGui3newsy_0B8_
FNDA:0,_RNCNvMs_NtCs7EjM2xNHxH9_7xdl_gui3guiNtB6_6XdlGui3newsz_0B8_
FNDA:0,_RNvMNtCs7EjM2xNHxH9_7xdl_gui3guiNtB2_13VariableTable11update_data
FNDA:0,_RNvMNtCs7EjM2xNHxH9_7xdl_gui3guiNtB2_13VariableTable3new
FNDA:0,_RNvMs_NtCs7EjM2xNHxH9_7xdl_gui3guiNtB4_6XdlGui13get_file_type
FNDA:0,_RNvMs_NtCs7EjM2xNHxH9_7xdl_gui3guiNtB4_6XdlGui15truncate_string
FNDA:0,_RNvMs_NtCs7EjM2xNHxH9_7xdl_gui3guiNtB4_6XdlGui16execute_xdl_code
FNDA:0,_RNvMs_NtCs7EjM2xNHxH9_7xdl_gui3guiNtB4_6XdlGui17looks_like_matlab
FNDA:0,_RNvMs_NtCs7EjM2xNHxH9_7xdl_gui3guiNtB4_6XdlGui19create_indexed_data
FNDA:0,_RNvMs_NtCs7EjM2xNHxH9_7xdl_gui3guiNtB4_6XdlGui20parse_plot_arguments
FNDA:0,_RNvMs_NtCs7EjM2xNHxH9_7xdl_gui3guiNtB4_6XdlGui20show_execution_trace
FNDA:0,_RNvMs_NtCs7EjM2xNHxH9_7xdl_gui3guiNtB4_6XdlGui21handle_file_selection
FNDA:0,_RNvMs_NtCs7EjM2xNHxH9_7xdl_gui3guiNtB4_6XdlGui21update_variable_table
FNDA:0,_RNvMs_NtCs7EjM2xNHxH9_7xdl_gui3guiNtB4_6XdlGui22simulate_xdl_execution
FNDA:0,_RNvMs_NtCs7EjM2xNHxH9_7xdl_gui3guiNtB4_6XdlGui26generate_data_for_variable
FNDA:0,_RNvMs_NtCs7EjM2xNHxH9_7xdl_gui3guiNtB4_6XdlGui27execute_fallback_simulation
FNDA:0,_RNvMs_NtCs7EjM2xNHxH9_7xdl_gui3guiNtB4_6XdlGui28extract_number_from_function
FNDA:0,_RNvMs_NtCs7EjM2xNHxH9_7xdl_gui3guiNtB4_6XdlGui29generate_formula_for_variable
FNDA:0,_RNvMs_NtCs7EjM2xNHxH9_7xdl_gui3guiNtB4_6XdlGui30extract_plot_data_with_formula
FNDA:0,_RNvMs_NtCs7EjM2xNHxH9_7xdl_gui3guiNtB4_6XdlGui32simulate_xdl_execution_with_vars
FNDA:0,_RNvMs_NtCs7EjM2xNHxH9_7xdl_gui3guiNtB4_6XdlGui34extract_filename_from_browser_text
FNDA:0,_RNvMs_NtCs7EjM2xNHxH9_7xdl_gui3guiNtB4_6XdlGui3new
FNDA:0,_RNvMs_NtCs7EjM2xNHxH9_7xdl_gui3guiNtB4_6XdlGui4show
FNDA:0,_RNCNvNtCs7EjM2xNHxH9_7xdl_gui3gui20PENDING_PLOT_WINDOWS0B5_
FNF:91
FNH:0
DA:28,0
DA:48,0
DA:49,0
DA:50,0
DA:51,0
DA:52,0
DA:53,0
DA:54,0
DA:55,0
DA:58,0
DA:59,0
DA:60,0
DA:61,0
DA:63,0
DA:64,0
DA:66,0
DA:67,0
DA:69,0
DA:70,0
DA:71,0
DA:72,0
DA:73,0
DA:75,0
DA:76,0
DA:77,0
DA:78,0
DA:79,0
DA:80,0
DA:81,0
DA:82,0
DA:84,0
DA:85,0
DA:86,0
DA:87,0
DA:88,0
DA:89,0
DA:90,0
DA:91,0
DA:93,0
DA:94,0
DA:97,0
DA:98,0
DA:99,0
DA:102,0
DA:103,0
DA:105,0
DA:107,0
DA:110,0
DA:111,0
DA:113,0
DA:114,0
DA:115,0
DA:116,0
DA:117,0
DA:118,0
DA:119,0
DA:123,0
DA:124,0
DA:125,0
DA:126,0
DA:127,0
DA:128,0
DA:129,0
DA:133,0
DA:134,0
DA:136,0
DA:137,0
DA:138,0
DA:140,0
DA:142,0
DA:144,0
DA:145,0
DA:147,0
DA:148,0
DA:151,0
DA:152,0
DA:154,0
DA:155,0
DA:156,0
DA:157,0
DA:158,0
DA:160,0
DA:163,0
DA:164,0
DA:165,0
DA:166,0
DA:168,0
DA:171,0
DA:173,0
DA:174,0
DA:176,0
DA:179,0
DA:180,0
DA:181,0
DA:182,0
DA:184,0
DA:187,0
DA:190,0
DA:193,0
DA:194,0
DA:195,0
DA:196,0
DA:197,0
DA:198,0
DA:201,0
DA:202,0
DA:203,0
DA:205,0
DA:206,0
DA:207,0
DA:208,0
DA:211,0
DA:212,0
DA:232,0
DA:234,0
DA:241,0
DA:244,0
DA:247,0
DA:248,0
DA:250,0
DA:251,0
DA:254,0
DA:257,0
DA:258,0
DA:259,0
DA:260,0
DA:261,0
DA:263,0
DA:264,0
DA:265,0
DA:266,0
DA:267,0
DA:268,0
DA:272,0
DA:273,0
DA:274,0
DA:275,0
DA:276,0
DA:278,0
DA:279,0
DA:280,0
DA:282,0
DA:284,0
DA:285,0
DA:286,0
DA:287,0
DA:288,0
DA:289,0
DA:292,0
DA:293,0
DA:294,0
DA:295,0
DA:296,0
DA:297,0
DA:298,0
DA:299,0
DA:300,0
DA:303,0
DA:304,0
DA:305,0
DA:309,0
DA:312,0
DA:313,0
DA:314,0
DA:315,0
DA:316,0
DA:317,0
DA:318,0
DA:319,0
DA:321,0
DA:322,0
DA:323,0
DA:324,0
DA:327,0
DA:328,0
DA:331,0
DA:332,0
DA:333,0
DA:334,0
DA:335,0
DA:337,0
DA:338,0
DA:339,0
DA:340,0
DA:342,0
DA:343,0
DA:344,0
DA:346,0
DA:347,0
DA:348,0
DA:351,0
DA:352,0
DA:353,0
DA:354,0
DA:358,0
DA:359,0
DA:360,0
DA:361,0
DA:362,0
DA:364,0
DA:365,0
DA:366,0
DA:367,0
DA:369,0
DA:370,0
DA:372,0
DA:373,0
DA:374,0
DA:377,0
DA:378,0
DA:379,0
DA:380,0
DA:383,0
DA:384,0
DA:387,0
DA:391,0
DA:392,0
DA:395,0
DA:396,0
DA:397,0
DA:400,0
DA:401,0
DA:404,0
DA:407,0
DA:408,0
DA:409,0
DA:411,0
DA:412,0
DA:413,0
DA:414,0
DA:417,0
DA:418,0
DA:419,0
DA:421,0
DA:422,0
DA:423,0
DA:424,0
DA:427,0
DA:428,0
DA:429,0
DA:431,0
DA:432,0
DA:433,0
DA:434,0
DA:437,0
DA:438,0
DA:441,0
DA:444,0
DA:445,0
DA:446,0
DA:448,0
DA:449,0
DA:450,0
DA:451,0
DA:454,0
DA:455,0
DA:456,0
DA:458,0
DA:459,0
DA:460,0
DA:461,0
DA:464,0
DA:465,0
DA:466,0
DA:468,0
DA:469,0
DA:470,0
DA:471,0
DA:474,0
DA:475,0
DA:478,0
DA:481,0
DA:482,0
DA:483,0
DA:485,0
DA:486,0
DA:487,0
DA:488,0
DA:491,0
DA:492,0
DA:493,0
DA:495,0
DA:496,0
DA:497,0
DA:498,0
DA:501,0
DA:502,0
DA:503,0
DA:505,0
DA:506,0
DA:507,0
DA:508,0
DA:512,0
DA:513,0
DA:514,0
DA:517,0
DA:518,0
DA:519,0
DA:520,0
DA:523,0
DA:524,0
DA:527,0
DA:528,0
DA:529,0
DA:530,0
DA:534,0
DA:535,0
DA:536,0
DA:538,0
DA:539,0
DA:540,0
DA:541,0
DA:543,0
DA:546,0
DA:547,0
DA:548,0
DA:550,0
DA:551,0
DA:552,0
DA:553,0
DA:556,0
DA:557,0
DA:560,0
DA:563,0
DA:564,0
DA:565,0
DA:568,0
DA:569,0
DA:570,0
DA:571,0
DA:575,0
DA:576,0
DA:579,0
DA:580,0
DA:581,0
DA:582,0
DA:585,0
DA:586,0
DA:589,0
DA:590,0
DA:591,0
DA:592,0
DA:595,0
DA:596,0
DA:599,0
DA:602,0
DA:603,0
DA:606,0
DA:607,0
DA:608,0
DA:609,0
DA:613,0
DA:614,0
DA:617,0
DA:618,0
DA:619,0
DA:620,0
DA:623,0
DA:624,0
DA:627,0
DA:628,0
DA:629,0
DA:630,0
DA:634,0
DA:635,0
DA:638,0
DA:639,0
DA:640,0
DA:641,0
DA:642,0
DA:643,0
DA:644,0
DA:645,0
DA:646,0
DA:647,0
DA:648,0
DA:649,0
DA:650,0
DA:651,0
DA:652,0
DA:653,0
DA:654,0
DA:655,0
DA:656,0
DA:657,0
DA:660,0
DA:661,0
DA:664,0
DA:665,0
DA:666,0
DA:667,0
DA:668,0
DA:669,0
DA:670,0
DA:671,0
DA:672,0
DA:673,0
DA:674,0
DA:675,0
DA:676,0
DA:677,0
DA:678,0
DA:679,0
DA:680,0
DA:681,0
DA:682,0
DA:683,0
DA:684,0
DA:685,0
DA:686,0
DA:689,0
DA:690,0
DA:693,0
DA:696,0
DA:697,0
DA:700,0
DA:701,0
DA:702,0
DA:703,0
DA:704,0
DA:705,0
DA:706,0
DA:707,0
DA:708,0
DA:709,0
DA:710,0
DA:711,0
DA:715,0
DA:716,0
DA:717,0
DA:720,0
DA:721,0
DA:724,0
DA:725,0
DA:726,0
DA:727,0
DA:728,0
DA:731,0
DA:732,0
DA:733,0
DA:734,0
DA:735,0
DA:738,0
DA:739,0
DA:741,0
DA:742,0
DA:743,0
DA:745,0
DA:746,0
DA:748,0
DA:749,0
DA:750,0
DA:753,0
DA:754,0
DA:755,0
DA:756,0
DA:759,0
DA:760,0
DA:761,0
DA:764,0
DA:767,0
DA:768,0
DA:769,0
DA:772,0
DA:775,0
DA:778,0
DA:781,0
DA:784,0
DA:785,0
DA:786,0
DA:787,0
DA:790,0
DA:791,0
DA:792,0
DA:793,0
DA:794,0
DA:795,0
DA:796,0
DA:799,0
DA:802,0
DA:803,0
DA:804,0
DA:805,0
DA:806,0
DA:807,0
DA:809,0
DA:810,0
DA:813,0
DA:814,0
DA:815,0
DA:816,0
DA:817,0
DA:818,0
DA:821,0
DA:822,0
DA:825,0
DA:826,0
DA:827,0
DA:828,0
DA:829,0
DA:830,0
DA:832,0
DA:833,0
DA:836,0
DA:837,0
DA:838,0
DA:839,0
DA:840,0
DA:841,0
DA:843,0
DA:846,0
DA:848,0
DA:849,0
DA:850,0
DA:851,0
DA:855,0
DA:856,0
DA:861,0
DA:864,0
DA:865,0
DA:866,0
DA:867,0
DA:868,0
DA:869,0
DA:870,0
DA:872,0
DA:875,0
DA:876,0
DA:877,0
DA:878,0
DA:881,0
DA:882,0
DA:883,0
DA:884,0
DA:885,0
DA:886,0
DA:887,0
DA:888,0
DA:891,0
DA:892,0
DA:894,0
DA:895,0
DA:896,0
DA:897,0
DA:901,0
DA:902,0
DA:904,0
DA:905,0
DA:907,0
DA:908,0
DA:909,0
DA:910,0
DA:912,0
DA:914,0
DA:917,0
DA:918,0
DA:919,0
DA:920,0
DA:922,0
DA:924,0
DA:925,0
DA:926,0
DA:927,0
DA:928,0
DA:929,0
DA:930,0
DA:931,0
DA:932,0
DA:934,0
DA:935,0
DA:940,0
DA:941,0
DA:942,0
DA:943,0
DA:944,0
DA:945,0
DA:946,0
DA:948,0
DA:950,0
DA:952,0
DA:953,0
DA:954,0
DA:956,0
DA:958,0
DA:959,0
DA:961,0
DA:962,0
DA:963,0
DA:964,0
DA:965,0
DA:966,0
DA:967,0
DA:968,0
DA:969,0
DA:970,0
DA:971,0
DA:972,0
DA:973,0
DA:974,0
DA:975,0
DA:976,0
DA:977,0
DA:978,0
DA:983,0
DA:984,0
DA:985,0
DA:986,0
DA:987,0
DA:988,0
DA:989,0
DA:990,0
DA:991,0
DA:992,0
DA:993,0
DA:994,0
DA:995,0
DA:997,0
DA:1000,0
DA:1002,0
DA:1003,0
DA:1004,0
DA:1005,0
DA:1006,0
DA:1007,0
DA:1010,0
DA:1011,0
DA:1012,0
DA:1013,0
DA:1015,0
DA:1016,0
DA:1017,0
DA:1018,0
DA:1019,0
DA:1020,0
DA:1022,0
DA:1024,0
DA:1027,0
DA:1028,0
DA:1029,0
DA:1030,0
DA:1031,0
DA:1032,0
DA:1033,0
DA:1034,0
DA:1035,0
DA:1036,0
DA:1037,0
DA:1040,0
DA:1041,0
DA:1042,0
DA:1043,0
DA:1044,0
DA:1045,0
DA:1048,0
DA:1049,0
DA:1050,0
DA:1051,0
DA:1053,0
DA:1054,0
DA:1061,0
DA:1062,0
DA:1063,0
DA:1064,0
DA:1065,0
DA:1066,0
DA:1067,0
DA:1068,0
DA:1069,0
DA:1070,0
DA:1071,0
DA:1072,0
DA:1073,0
DA:1074,0
DA:1075,0
DA:1076,0
DA:1078,0
DA:1079,0
DA:1080,0
DA:1081,0
DA:1082,0
DA:1083,0
DA:1084,0
DA:1085,0
DA:1088,0
DA:1090,0
DA:1092,0
DA:1093,0
DA:1101,0
DA:1102,0
DA:1105,0
DA:1106,0
DA:1109,0
DA:1112,0
DA:1113,0
DA:1114,0
DA:1115,0
DA:1116,0
DA:1117,0
DA:1118,0
DA:1119,0
DA:1120,0
DA:1122,0
DA:1124,0
DA:1126,0
DA:1127,0
DA:1128,0
DA:1129,0
DA:1130,0
DA:1131,0
DA:1132,0
DA:1133,0
DA:1134,0
DA:1135,0
DA:1138,0
DA:1139,0
DA:1140,0
DA:1141,0
DA:1142,0
DA:1143,0
DA:1144,0
DA:1146,0
DA:1148,0
DA:1149,0
DA:1150,0
DA:1154,0
DA:1155,0
DA:1156,0
DA:1160,0
DA:1161,0
DA:1162,0
DA:1167,0
DA:1169,0
DA:1170,0
DA:1171,0
DA:1173,0
DA:1174,0
DA:1175,0
DA:1178,0
DA:1179,0
DA:1180,0
DA:1181,0
DA:1182,0
DA:1184,0
DA:1185,0
DA:1186,0
DA:1187,0
DA:1188,0
DA:1189,0
DA:1190,0
DA:1191,0
DA:1193,0
DA:1194,0
DA:1195,0
DA:1198,0
DA:1199,0
DA:1200,0
DA:1201,0
DA:1202,0
DA:1204,0
DA:1205,0
DA:1206,0
DA:1207,0
DA:1210,0
DA:1211,0
DA:1212,0
DA:1213,0
DA:1214,0
DA:1215,0
DA:1216,0
DA:1217,0
DA:1218,0
DA:1221,0
DA:1222,0
DA:1223,0
DA:1224,0
DA:1225,0
DA:1226,0
DA:1227,0
DA:1228,0
DA:1229,0
DA:1230,0
DA:1231,0
DA:1232,0
DA:1233,0
DA:1234,0
DA:1235,0
DA:1236,0
DA:1237,0
DA:1239,0
DA:1242,0
DA:1243,0
DA:1244,0
DA:1245,0
DA:1246,0
DA:1248,0
DA:1249,0
DA:1250,0
DA:1251,0
DA:1252,0
DA:1253,0
DA:1254,0
DA:1255,0
DA:1257,0
DA:1258,0
DA:1259,0
DA:1260,0
DA:1261,0
DA:1263,0
DA:1265,0
DA:1266,0
DA:1267,0
DA:1268,0
DA:1269,0
DA:1271,0
DA:1272,0
DA:1273,0
DA:1276,0
DA:1279,0
DA:1280,0
DA:1283,0
DA:1284,0
DA:1285,0
DA:1286,0
DA:1287,0
DA:1288,0
DA:1289,0
DA:1290,0
DA:1291,0
DA:1292,0
DA:1293,0
DA:1294,0
DA:1295,0
DA:1296,0
DA:1297,0
DA:1298,0
DA:1299,0
DA:1300,0
DA:1301,0
DA:1302,0
DA:1303,0
DA:1305,0
DA:1306,0
DA:1307,0
DA:1308,0
DA:1309,0
DA:1312,0
DA:1313,0
DA:1314,0
DA:1315,0
DA:1318,0
DA:1319,0
DA:1320,0
DA:1321,0
DA:1322,0
DA:1323,0
DA:1324,0
DA:1325,0
DA:1326,0
DA:1327,0
DA:1328,0
DA:1329,0
DA:1332,0
DA:1333,0
DA:1335,0
DA:1336,0
DA:1337,0
DA:1338,0
DA:1339,0
DA:1340,0
DA:1341,0
DA:1342,0
DA:1343,0
DA:1344,0
DA:1345,0
DA:1346,0
DA:1347,0
DA:1349,0
DA:1350,0
DA:1351,0
DA:1352,0
DA:1353,0
DA:1354,0
DA:1355,0
DA:1356,0
DA:1357,0
DA:1358,0
DA:1360,0
DA:1361,0
DA:1364,0
DA:1365,0
DA:1366,0
DA:1367,0
DA:1368,0
DA:1369,0
DA:1370,0
DA:1371,0
DA:1373,0
DA:1374,0
DA:1377,0
DA:1378,0
DA:1380,0
DA:1382,0
DA:1385,0
DA:1386,0
DA:1387,0
DA:1388,0
DA:1389,0
DA:1392,0
DA:1393,0
DA:1394,0
DA:1395,0
DA:1396,0
DA:1399,0
DA:1400,0
DA:1401,0
DA:1403,0
DA:1405,0
DA:1406,0
DA:1407,0
DA:1408,0
DA:1410,0
DA:1413,0
DA:1414,0
DA:1415,0
DA:1416,0
DA:1417,0
DA:1419,0
DA:1420,0
DA:1422,0
DA:1423,0
DA:1424,0
DA:1425,0
DA:1426,0
DA:1427,0
DA:1428,0
DA:1429,0
DA:1432,0
DA:1433,0
DA:1434,0
DA:1436,0
DA:1438,0
DA:1441,0
DA:1442,0
DA:1443,0
DA:1444,0
DA:1445,0
DA:1446,0
DA:1447,0
DA:1448,0
DA:1449,0
DA:1450,0
DA:1453,0
DA:1454,0
DA:1455,0
DA:1456,0
DA:1458,0
DA:1461,0
DA:1464,0
DA:1465,0
DA:1466,0
DA:1467,0
DA:1471,0
DA:1472,0
DA:1473,0
DA:1474,0
DA:1475,0
DA:1476,0
DA:1480,0
DA:1481,0
DA:1482,0
DA:1485,0
DA:1488,0
DA:1490,0
DA:1491,0
DA:1492,0
DA:1493,0
DA:1494,0
DA:1495,0
DA:1496,0
DA:1497,0
DA:1499,0
DA:1500,0
DA:1501,0
DA:1503,0
DA:1504,0
DA:1505,0
DA:1506,0
DA:1507,0
DA:1508,0
DA:1511,0
DA:1513,0
DA:1514,0
DA:1516,0
DA:1518,0
DA:1520,0
DA:1522,0
DA:1523,0
DA:1525,0
DA:1527,0
DA:1528,0
DA:1530,0
DA:1532,0
DA:1533,0
DA:1535,0
DA:1537,0
DA:1538,0
DA:1539,0
DA:1542,0
DA:1543,0
DA:1544,0
DA:1545,0
DA:1547,0
DA:1549,0
DA:1550,0
DA:1551,0
DA:1552,0
DA:1556,0
DA:1557,0
DA:1558,0
DA:1559,0
DA:1561,0
DA:1562,0
DA:1563,0
DA:1565,0
DA:1566,0
DA:1567,0
DA:1568,0
DA:1570,0
DA:1571,0
DA:1572,0
DA:1576,0
DA:1577,0
DA:1578,0
DA:1581,0
DA:1584,0
DA:1585,0
DA:1586,0
DA:1587,0
DA:1590,0
DA:1592,0
DA:1593,0
DA:1595,0
DA:1597,0
DA:1600,0
DA:1601,0
DA:1602,0
DA:1603,0
DA:1605,0
DA:1607,0
DA:1608,0
DA:1609,0
DA:1610,0
DA:1612,0
DA:1614,0
DA:1615,0
DA:1616,0
DA:1617,0
DA:1619,0
DA:1621,0
DA:1625,0
DA:1626,0
DA:1627,0
DA:1628,0
DA:1629,0
DA:1630,0
DA:1632,0
DA:1634,0
DA:1635,0
DA:1636,0
DA:1637,0
BRF:0
BRH:0
LF:1104
LH:0
end_of_record
SF:/Users/ravindraboddipalli/sources/xdl/xdl-gui/src/image_window.rs
FN:20,_RNCNvMNtCs7EjM2xNHxH9_7xdl_gui12image_windowNtB4_11ImageWindow3new0B6_
FN:60,_RNCNvMNtCs7EjM2xNHxH9_7xdl_gui12image_windowNtB4_11ImageWindow3news0_0B6_
FN:55,_RNCNvMNtCs7EjM2xNHxH9_7xdl_gui12image_windowNtB4_11ImageWindow3news_0B6_
FN:17,_RNvMNtCs7EjM2xNHxH9_7xdl_gui12image_windowNtB2_11ImageWindow3new
FN:75,_RNvMNtCs7EjM2xNHxH9_7xdl_gui12image_windowNtB2_11ImageWindow4show
FNDA:0,_RNCNvMNtCs7EjM2xNHxH9_7xdl_gui12image_windowNtB4_11ImageWindow3new0B6_
FNDA:0,_RNCNvMNtCs7EjM2xNHxH9_7xdl_gui12image_windowNtB4_11ImageWindow3news0_0B6_
FNDA:0,_RNCNvMNtCs7EjM2xNHxH9_7xdl_gui12image_windowNtB4_11ImageWindow3news_0B6_
FNDA:0,_RNvMNtCs7EjM2xNHxH9_7xdl_gui12image_windowNtB2_11ImageWindow3new
FNDA:0,_RNvMNtCs7EjM2xNHxH9_7xdl_gui12image_windowNtB2_11ImageWindow4show
FNF:5
FNH:0
DA:17,0
DA:19,0
DA:20,0
DA:23,0
DA:24,0
DA:27,0
DA:28,0
DA:29,0
DA:32,0
DA:33,0
DA:36,0
DA:37,0
DA:38,0
DA:39,0
DA:40,0
DA:41,0
DA:42,0
DA:43,0
DA:44,0
DA:45,0
DA:46,0
DA:47,0
DA:48,0
DA:51,0
DA:52,0
DA:55,0
DA:56,0
DA:57,0
DA:60,0
DA:61,0
DA:62,0
DA:63,0
DA:65,0
DA:67,0
DA:69,0
DA:70,0
DA:72,0
DA:73,0
DA:75,0
DA:76,0
DA:78,0
DA:79,0
DA:80,0
DA:81,0
BRF:0
BRH:0
LF:47
LH:0
end_of_record
SF:/Users/ravindraboddipalli/sources/xdl/xdl-gui/src/main.rs
FN:18,_RNvCs7EjM2xNHxH9_7xdl_gui4main
FNDA:0,_RNvCs7EjM2xNHxH9_7xdl_gui4main
FNF:1
FNH:0
DA:18,0
DA:20,0
DA:21,0
DA:22,0
DA:24,0
DA:27,0
DA:28,0
DA:30,0
DA:32,0
DA:33,0
DA:35,0
DA:36,0
BRF:0
BRH:0
LF:12
LH:0
end_of_record
SF:/Users/ravindraboddipalli/sources/xdl/xdl-gui/src/plot_window.rs
FN:70,_RNCNvMNtCs7EjM2xNHxH9_7xdl_gui11plot_windowNtB4_9PlotFrame15new_with_labels0B6_
FN:115,_RNCNvMNtCs7EjM2xNHxH9_7xdl_gui11plot_windowNtB4_9PlotFrame21draw_plot_with_labels0B6_
FN:117,_RNCNvMNtCs7EjM2xNHxH9_7xdl_gui11plot_windowNtB4_9PlotFrame21draw_plot_with_labelss0_0B6_
FN:118,_RNCNvMNtCs7EjM2xNHxH9_7xdl_gui11plot_windowNtB4_9PlotFrame21draw_plot_with_labelss1_0B6_
FN:116,_RNCNvMNtCs7EjM2xNHxH9_7xdl_gui11plot_windowNtB4_9PlotFrame21draw_plot_with_labelss_0B6_
FN:236,_RNCNvMs_NtCs7EjM2xNHxH9_7xdl_gui11plot_windowNtB6_10PlotWindow11with_labels0B8_
FN:229,_RNCNvMs_NtCs7EjM2xNHxH9_7xdl_gui11plot_windowNtB6_10PlotWindow11with_labelss0_0B8_
FN:230,_RNCNvMs_NtCs7EjM2xNHxH9_7xdl_gui11plot_windowNtB6_10PlotWindow11with_labelss1_0B8_
FN:231,_RNCNvMs_NtCs7EjM2xNHxH9_7xdl_gui11plot_windowNtB6_10PlotWindow11with_labelss2_0B8_
FN:232,_RNCNvMs_NtCs7EjM2xNHxH9_7xdl_gui11plot_windowNtB6_10PlotWindow11with_labelss3_0B8_
FN:244,_RNCNvMs_NtCs7EjM2xNHxH9_7xdl_gui11plot_windowNtB6_10PlotWindow11with_labelss_0B8_
FN:46,_RNvMNtCs7EjM2xNHxH9_7xdl_gui11plot_windowNtB2_9PlotFrame15new_with_labels
FN:33,_RNvMNtCs7EjM2xNHxH9_7xdl_gui11plot_windowNtB2_9PlotFrame16new_with_formula
FN:94,_RNvMNtCs7EjM2xNHxH9_7xdl_gui11plot_windowNtB2_9PlotFrame21draw_plot_with_labels
FN:90,_RNvMNtCs7EjM2xNHxH9_7xdl_gui11plot_windowNtB2_9PlotFrame22draw_plot_with_formula
FN:29,_RNvMNtCs7EjM2xNHxH9_7xdl_gui11plot_windowNtB2_9PlotFrame3new
FN:86,_RNvMNtCs7EjM2xNHxH9_7xdl_gui11plot_windowNtB2_9PlotFrame9draw_plot
FN:195,_RNvMs_NtCs7EjM2xNHxH9_7xdl_gui11plot_windowNtB4_10PlotWindow11with_labels
FN:253,_RNvMs_NtCs7EjM2xNHxH9_7xdl_gui11plot_windowNtB4_10PlotWindow4show
FNDA:0,_RNCNvMNtCs7EjM2xNHxH9_7xdl_gui11plot_windowNtB4_9PlotFrame15new_with_labels0B6_
FNDA:0,_RNCNvMNtCs7EjM2xNHxH9_7xdl_gui11plot_windowNtB4_9PlotFrame21draw_plot_with_labels0B6_
FNDA:0,_RNCNvMNtCs7EjM2xNHxH9_7xdl_gui11plot_windowNtB4_9PlotFrame21draw_plot_with_labelss0_0B6_
FNDA:0,_RNCNvMNtCs7EjM2xNHxH9_7xdl_gui11plot_windowNtB4_9PlotFrame21draw_plot_with_labelss1_0B6_
FNDA:0,_RNCNvMNtCs7EjM2xNHxH9_7xdl_gui11plot_windowNtB4_9PlotFrame21draw_plot_with_labelss_0B6_
FNDA:0,_RNCNvMs_NtCs7EjM2xNHxH9_7xdl_gui11plot_windowNtB6_10PlotWindow11with_labels0B8_
FNDA:0,_RNCNvMs_NtCs7EjM2xNHxH9_7xdl_gui11plot_windowNtB6_10PlotWindow11with_labelss0_0B8_
FNDA:0,_RNCNvMs_NtCs7EjM2xNHxH9_7xdl_gui11plot_windowNtB6_10PlotWindow11with_labelss1_0B8_
FNDA:0,_RNCNvMs_NtCs7EjM2xNHxH9_7xdl_gui11plot_windowNtB6_10PlotWindow11with_labelss2_0B8_
FNDA:0,_RNCNvMs_NtCs7EjM2xNHxH9_7xdl_gui11plot_windowNtB6_10PlotWindow11with_labelss3_0B8_
FNDA:0,_RNCNvMs_NtCs7EjM2xNHxH9_7xdl_gui11plot_windowNtB6_10PlotWindow11with_labelss_0B8_
FNDA:0,_RNvMNtCs7EjM2xNHxH9_7xdl_gui11plot_windowNtB2_9PlotFrame15new_with_labels
FNDA:0,_RNvMNtCs7EjM2xNHxH9_7xdl_gui11plot_windowNtB2_9PlotFrame16new_with_formula
FNDA:0,_RNvMNtCs7EjM2xNHxH9_7xdl_gui11plot_windowNtB2_9PlotFrame21draw_plot_with_labels
FNDA:0,_RNvMNtCs7EjM2xNHxH9_7xdl_gui11plot_windowNtB2_9PlotFrame22draw_plot_with_formula
FNDA:0,_RNvMNtCs7EjM2xNHxH9_7xdl_gui11plot_windowNtB2_9PlotFrame3new
FNDA:0,_RNvMNtCs7EjM2xNHxH9_7xdl_gui11plot_windowNtB2_9PlotFrame9draw_plot
FNDA:0,_RNvMs_NtCs7EjM2xNHxH9_7xdl_gui11plot_windowNtB4_10PlotWindow11with_labels
FNDA:0,_RNvMs_NtCs7EjM2xNHxH9_7xdl_gui11plot_windowNtB4_10PlotWindow4show
FNF:19
FNH:0
DA:29,0
DA:30,0
DA:31,0
DA:33,0
DA:34,0
DA:35,0
DA:36,0
DA:37,0
DA:38,0
DA:39,0
DA:40,0
DA:41,0
DA:42,0
DA:43,0
DA:46,0
DA:47,0
DA:48,0
DA:49,0
DA:50,0
DA:51,0
DA:52,0
DA:53,0
DA:54,0
DA:55,0
DA:56,0
DA:57,0
DA:58,0
DA:59,0
DA:61,0
DA:62,0
DA:63,0
DA:64,0
DA:65,0
DA:66,0
DA:67,0
DA:68,0
DA:70,0
DA:71,0
DA:72,0
DA:73,0
DA:75,0
DA:76,0
DA:77,0
DA:78,0
DA:79,0
DA:80,0
DA:81,0
DA:82,0
DA:83,0
DA:86,0
DA:87,0
DA:88,0
DA:90,0
DA:91,0
DA:92,0
DA:94,0
DA:95,0
DA:96,0
DA:97,0
DA:98,0
DA:99,0
DA:100,0
DA:101,0
DA:102,0
DA:103,0
DA:104,0
DA:107,0
DA:108,0
DA:109,0
DA:110,0
DA:111,0
DA:112,0
DA:115,0
DA:116,0
DA:117,0
DA:118,0
DA:121,0
DA:122,0
DA:125,0
DA:127,0
DA:130,0
DA:131,0
DA:133,0
DA:134,0
DA:136,0
DA:138,0
DA:139,0
DA:141,0
DA:142,0
DA:143,0
DA:144,0
DA:145,0
DA:146,0
DA:148,0
DA:149,0
DA:153,0
DA:154,0
DA:157,0
DA:158,0
DA:159,0
DA:160,0
DA:161,0
DA:162,0
DA:163,0
DA:164,0
DA:169,0
DA:170,0
DA:172,0
DA:174,0
DA:175,0
DA:177,0
DA:180,0
DA:181,0
DA:182,0
DA:183,0
DA:184,0
DA:190,0
DA:191,0
DA:195,0
DA:196,0
DA:197,0
DA:198,0
DA:199,0
DA:200,0
DA:201,0
DA:202,0
DA:203,0
DA:204,0
DA:207,0
DA:208,0
DA:213,0
DA:214,0
DA:215,0
DA:216,0
DA:217,0
DA:221,0
DA:222,0
DA:223,0
DA:225,0
DA:226,0
DA:227,0
DA:228,0
DA:229,0
DA:230,0
DA:231,0
DA:232,0
DA:233,0
DA:236,0
DA:237,0
DA:238,0
DA:240,0
DA:241,0
[...]
FNDA:0,_RNCNvMNtCsgiIQ3x9G6Hx_10xdl_stdlib6pythonNtB4_13PythonManager16object_to_string0B6_
FNDA:0,_RNCNvMNtCsgiIQ3x9G6Hx_10xdl_stdlib6pythonNtB4_13PythonManager3new0B6_
FNDA:0,_RNCNvNtCsgiIQ3x9G6Hx_10xdl_stdlib6python11python_call0B5_
FNDA:0,_RNCNvNtCsgiIQ3x9G6Hx_10xdl_stdlib6python13python_import0B5_
FNDA:0,_RNCNvNtCsgiIQ3x9G6Hx_10xdl_stdlib6python14python_call_kw0B5_
FNDA:0,_RNvMNtCsgiIQ3x9G6Hx_10xdl_stdlib6pythonNtB2_13PythonManager10get_object
FNDA:0,_RNvMNtCsgiIQ3x9G6Hx_10xdl_stdlib6pythonNtB2_13PythonManager11call_method
FNDA:0,_RNvMNtCsgiIQ3x9G6Hx_10xdl_stdlib6pythonNtB2_13PythonManager12store_object
FNDA:0,_RNvMNtCsgiIQ3x9G6Hx_10xdl_stdlib6pythonNtB2_13PythonManager13gdl_to_python
FNDA:0,_RNvMNtCsgiIQ3x9G6Hx_10xdl_stdlib6pythonNtB2_13PythonManager13import_module
FNDA:0,_RNvMNtCsgiIQ3x9G6Hx_10xdl_stdlib6pythonNtB2_13PythonManager13python_to_gdl
FNDA:0,_RNvMNtCsgiIQ3x9G6Hx_10xdl_stdlib6pythonNtB2_13PythonManager16object_to_string
FNDA:0,_RNvMNtCsgiIQ3x9G6Hx_10xdl_stdlib6pythonNtB2_13PythonManager3new
FNDA:0,_RNvNtCsgiIQ3x9G6Hx_10xdl_stdlib6python11python_call
FNDA:0,_RNvNtCsgiIQ3x9G6Hx_10xdl_stdlib6python13python_import
FNDA:0,_RNvNtCsgiIQ3x9G6Hx_10xdl_stdlib6python14python_call_kw
FNDA:0,_RNvXs_NtCsgiIQ3x9G6Hx_10xdl_stdlib6pythonNtB4_13PythonManagerNtNtCs2CqrNpCrSUr_4core7default7Default7default
FNF:28
FNH:0
DA:22,0
DA:25,0
DA:28,0
DA:29,0
DA:30,0
DA:31,0
DA:34,0
DA:36,0
DA:37,0
DA:38,0
DA:39,0
DA:40,0
DA:41,0
DA:44,0
DA:45,0
DA:48,0
DA:50,0
DA:51,0
DA:52,0
DA:54,0
DA:55,0
DA:56,0
DA:57,0
DA:58,0
DA:59,0
DA:62,0
DA:63,0
DA:64,0
DA:65,0
DA:66,0
DA:67,0
DA:68,0
DA:69,0
DA:70,0
DA:71,0
DA:72,0
DA:73,0
DA:74,0
DA:75,0
DA:77,0
DA:78,0
DA:79,0
DA:80,0
DA:81,0
DA:82,0
DA:83,0
DA:86,0
DA:87,0
DA:88,0
DA:89,0
DA:92,0
DA:93,0
DA:94,0
DA:95,0
DA:96,0
DA:97,0
DA:101,0
DA:102,0
DA:104,0
DA:105,0
DA:106,0
DA:107,0
DA:108,0
DA:111,0
DA:112,0
DA:114,0
DA:116,0
DA:117,0
DA:118,0
DA:119,0
DA:121,0
DA:122,0
DA:125,0
DA:126,0
DA:127,0
DA:128,0
DA:129,0
DA:130,0
DA:133,0
DA:134,0
DA:135,0
DA:136,0
DA:137,0
DA:140,0
DA:141,0
DA:142,0
DA:143,0
DA:145,0
DA:146,0
DA:147,0
DA:149,0
DA:150,0
DA:151,0
DA:153,0
DA:154,0
DA:155,0
DA:158,0
DA:159,0
DA:160,0
DA:161,0
DA:162,0
DA:163,0
DA:165,0
DA:167,0
DA:168,0
DA:171,0
DA:174,0
DA:175,0
DA:176,0
DA:178,0
DA:179,0
DA:180,0
DA:181,0
DA:183,0
DA:186,0
DA:187,0
DA:190,0
DA:191,0
DA:192,0
DA:193,0
DA:194,0
DA:195,0
DA:196,0
DA:197,0
DA:200,0
DA:201,0
DA:203,0
DA:207,0
DA:208,0
DA:209,0
DA:218,0
DA:219,0
DA:220,0
DA:222,0
DA:223,0
DA:224,0
DA:225,0
DA:226,0
DA:227,0
DA:228,0
DA:229,0
DA:232,0
DA:233,0
DA:234,0
DA:235,0
DA:236,0
DA:237,0
DA:239,0
DA:240,0
DA:242,0
DA:243,0
DA:244,0
DA:248,0
DA:249,0
DA:250,0
DA:251,0
DA:252,0
DA:255,0
DA:256,0
DA:257,0
DA:258,0
DA:259,0
DA:260,0
DA:262,0
DA:263,0
DA:265,0
DA:266,0
DA:267,0
DA:271,0
DA:272,0
DA:274,0
DA:275,0
DA:276,0
DA:280,0
DA:282,0
DA:283,0
DA:286,0
DA:287,0
DA:288,0
DA:289,0
DA:290,0
DA:291,0
DA:293,0
DA:294,0
DA:296,0
DA:297,0
DA:298,0
DA:302,0
DA:303,0
DA:305,0
DA:306,0
DA:307,0
DA:312,0
DA:313,0
DA:315,0
DA:316,0
DA:317,0
DA:318,0
DA:319,0
DA:322,0
DA:323,0
DA:324,0
DA:325,0
DA:327,0
DA:330,0
DA:331,0
DA:332,0
DA:333,0
DA:334,0
DA:335,0
DA:336,0
DA:339,0
DA:340,0
DA:341,0
DA:342,0
BRF:0
BRH:0
LF:235
LH:0
end_of_record
SF:/Users/ravindraboddipalli/sources/xdl/xdl-stdlib/src/statistics.rs
FN:30,_RNvNtCs7X22eMfvUxK_10xdl_stdlib10statistics15array_to_floats
FN:227,_RNCNvNtCs7X22eMfvUxK_10xdl_stdlib10statistics10meanabsdev0B5_
FN:188,_RNCNvNtCs7X22eMfvUxK_10xdl_stdlib10statistics6median0B5_
FN:86,_RNCNvNtCs7X22eMfvUxK_10xdl_stdlib10statistics6moment0B5_
FN:107,_RNCNvNtCs7X22eMfvUxK_10xdl_stdlib10statistics6moments0_0B5_
FN:96,_RNCNvNtCs7X22eMfvUxK_10xdl_stdlib10statistics6moments_0B5_
FN:147,_RNCNvNtCs7X22eMfvUxK_10xdl_stdlib10statistics8variance0B5_
FN:303,_RNvNtCs7X22eMfvUxK_10xdl_stdlib10statistics10chisqr_pdf
FN:35,_RNvNtCs7X22eMfvUxK_10xdl_stdlib10statistics10from_float
FN:203,_RNvNtCs7X22eMfvUxK_10xdl_stdlib10statistics10meanabsdev
FN:279,_RNvNtCs7X22eMfvUxK_10xdl_stdlib10statistics5t_pdf
FN:166,_RNvNtCs7X22eMfvUxK_10xdl_stdlib10statistics6median
FN:52,_RNvNtCs7X22eMfvUxK_10xdl_stdlib10statistics6moment
FN:154,_RNvNtCs7X22eMfvUxK_10xdl_stdlib10statistics6stddev
FN:244,_RNvNtCs7X22eMfvUxK_10xdl_stdlib10statistics8kurtosis
FN:233,_RNvNtCs7X22eMfvUxK_10xdl_stdlib10statistics8skewness
FN:10,_RNvNtCs7X22eMfvUxK_10xdl_stdlib10statistics8to_float
FN:119,_RNvNtCs7X22eMfvUxK_10xdl_stdlib10statistics8variance
FN:257,_RNvNtCs7X22eMfvUxK_10xdl_stdlib10statistics9gauss_pdf
FN:348,_RNvNtNtCsgiIQ3x9G6Hx_10xdl_stdlib10statistics5testss_11test_median
FN:384,_RNvNtNtCsgiIQ3x9G6Hx_10xdl_stdlib10statistics5testss_11test_moment
FN:335,_RNvNtNtCsgiIQ3x9G6Hx_10xdl_stdlib10statistics5testss_13test_variance
FN:371,_RNvNtNtCsgiIQ3x9G6Hx_10xdl_stdlib10statistics5testss_15test_meanabsdev
FN:227,_RNCNvNtCsgiIQ3x9G6Hx_10xdl_stdlib10statistics10meanabsdev0B5_
FN:188,_RNCNvNtCsgiIQ3x9G6Hx_10xdl_stdlib10statistics6median0B5_
FN:86,_RNCNvNtCsgiIQ3x9G6Hx_10xdl_stdlib10statistics6moment0B5_
FN:107,_RNCNvNtCsgiIQ3x9G6Hx_10xdl_stdlib10statistics6moments0_0B5_
FN:96,_RNCNvNtCsgiIQ3x9G6Hx_10xdl_stdlib10statistics6moments_0B5_
FN:147,_RNCNvNtCsgiIQ3x9G6Hx_10xdl_stdlib10statistics8variance0B5_
FN:303,_RNvNtCsgiIQ3x9G6Hx_10xdl_stdlib10statistics10chisqr_pdf
FN:30,_RNvNtCsgiIQ3x9G6Hx_10xdl_stdlib10statistics15array_to_floats
FN:279,_RNvNtCsgiIQ3x9G6Hx_10xdl_stdlib10statistics5t_pdf
FN:154,_RNvNtCsgiIQ3x9G6Hx_10xdl_stdlib10statistics6stddev
FN:244,_RNvNtCsgiIQ3x9G6Hx_10xdl_stdlib10statistics8kurtosis
FN:233,_RNvNtCsgiIQ3x9G6Hx_10xdl_stdlib10statistics8skewness
FN:257,_RNvNtCsgiIQ3x9G6Hx_10xdl_stdlib10statistics9gauss_pdf
FN:35,_RNvNtCsgiIQ3x9G6Hx_10xdl_stdlib10statistics10from_float
FN:203,_RNvNtCsgiIQ3x9G6Hx_10xdl_stdlib10statistics10meanabsdev
FN:166,_RNvNtCsgiIQ3x9G6Hx_10xdl_stdlib10statistics6median
FN:52,_RNvNtCsgiIQ3x9G6Hx_10xdl_stdlib10statistics6moment
FN:10,_RNvNtCsgiIQ3x9G6Hx_10xdl_stdlib10statistics8to_float
FN:119,_RNvNtCsgiIQ3x9G6Hx_10xdl_stdlib10statistics8variance
FNDA:0,_RNvNtCs7X22eMfvUxK_10xdl_stdlib10statistics15array_to_floats
FNDA:0,_RNCNvNtCs7X22eMfvUxK_10xdl_stdlib10statistics10meanabsdev0B5_
FNDA:0,_RNCNvNtCs7X22eMfvUxK_10xdl_stdlib10statistics6median0B5_
FNDA:0,_RNCNvNtCs7X22eMfvUxK_10xdl_stdlib10statistics6moment0B5_
FNDA:0,_RNCNvNtCs7X22eMfvUxK_10xdl_stdlib10statistics6moments0_0B5_
FNDA:0,_RNCNvNtCs7X22eMfvUxK_10xdl_stdlib10statistics6moments_0B5_
FNDA:0,_RNCNvNtCs7X22eMfvUxK_10xdl_stdlib10statistics8variance0B5_
FNDA:0,_RNvNtCs7X22eMfvUxK_10xdl_stdlib10statistics10chisqr_pdf
FNDA:0,_RNvNtCs7X22eMfvUxK_10xdl_stdlib10statistics10from_float
FNDA:0,_RNvNtCs7X22eMfvUxK_10xdl_stdlib10statistics10meanabsdev
FNDA:0,_RNvNtCs7X22eMfvUxK_10xdl_stdlib10statistics5t_pdf
FNDA:0,_RNvNtCs7X22eMfvUxK_10xdl_stdlib10statistics6median
FNDA:0,_RNvNtCs7X22eMfvUxK_10xdl_stdlib10statistics6moment
FNDA:0,_RNvNtCs7X22eMfvUxK_10xdl_stdlib10statistics6stddev
FNDA:0,_RNvNtCs7X22eMfvUxK_10xdl_stdlib10statistics8kurtosis
FNDA:0,_RNvNtCs7X22eMfvUxK_10xdl_stdlib10statistics8skewness
FNDA:0,_RNvNtCs7X22eMfvUxK_10xdl_stdlib10statistics8to_float
FNDA:0,_RNvNtCs7X22eMfvUxK_10xdl_stdlib10statistics8variance
FNDA:0,_RNvNtCs7X22eMfvUxK_10xdl_stdlib10statistics9gauss_pdf
FNDA:1,_RNvNtNtCsgiIQ3x9G6Hx_10xdl_stdlib10statistics5testss_11test_median
FNDA:1,_RNvNtNtCsgiIQ3x9G6Hx_10xdl_stdlib10statistics5testss_11test_moment
FNDA:1,_RNvNtNtCsgiIQ3x9G6Hx_10xdl_stdlib10statistics5testss_13test_variance
FNDA:1,_RNvNtNtCsgiIQ3x9G6Hx_10xdl_stdlib10statistics5testss_15test_meanabsdev
FNDA:5,_RNCNvNtCsgiIQ3x9G6Hx_10xdl_stdlib10statistics10meanabsdev0B5_
FNDA:9,_RNCNvNtCsgiIQ3x9G6Hx_10xdl_stdlib10statistics6median0B5_
FNDA:5,_RNCNvNtCsgiIQ3x9G6Hx_10xdl_stdlib10statistics6moment0B5_
FNDA:5,_RNCNvNtCsgiIQ3x9G6Hx_10xdl_stdlib10statistics6moments0_0B5_
FNDA:5,_RNCNvNtCsgiIQ3x9G6Hx_10xdl_stdlib10statistics6moments_0B5_
FNDA:5,_RNCNvNtCsgiIQ3x9G6Hx_10xdl_stdlib10statistics8variance0B5_
FNDA:0,_RNvNtCsgiIQ3x9G6Hx_10xdl_stdlib10statistics10chisqr_pdf
FNDA:0,_RNvNtCsgiIQ3x9G6Hx_10xdl_stdlib10statistics15array_to_floats
FNDA:0,_RNvNtCsgiIQ3x9G6Hx_10xdl_stdlib10statistics5t_pdf
FNDA:0,_RNvNtCsgiIQ3x9G6Hx_10xdl_stdlib10statistics6stddev
FNDA:0,_RNvNtCsgiIQ3x9G6Hx_10xdl_stdlib10statistics8kurtosis
FNDA:0,_RNvNtCsgiIQ3x9G6Hx_10xdl_stdlib10statistics8skewness
FNDA:0,_RNvNtCsgiIQ3x9G6Hx_10xdl_stdlib10statistics9gauss_pdf
FNDA:0,_RNvNtCsgiIQ3x9G6Hx_10xdl_stdlib10statistics10from_float
FNDA:1,_RNvNtCsgiIQ3x9G6Hx_10xdl_stdlib10statistics10meanabsdev
FNDA:2,_RNvNtCsgiIQ3x9G6Hx_10xdl_stdlib10statistics6median
FNDA:1,_RNvNtCsgiIQ3x9G6Hx_10xdl_stdlib10statistics6moment
FNDA:0,_RNvNtCsgiIQ3x9G6Hx_10xdl_stdlib10statistics8to_float
FNDA:1,_RNvNtCsgiIQ3x9G6Hx_10xdl_stdlib10statistics8variance
FNF:23
FNH:14
DA:10,0
DA:11,0
DA:12,0
DA:13,0
DA:14,0
DA:15,0
DA:16,0
DA:17,0
DA:18,0
DA:19,0
DA:20,0
DA:21,0
DA:22,0
DA:23,0
DA:24,0
DA:26,0
DA:30,0
DA:31,0
DA:32,0
DA:35,0
DA:36,0
DA:37,0
DA:38,0
DA:39,0
DA:40,0
DA:41,0
DA:42,0
DA:43,0
DA:44,0
DA:45,0
DA:46,0
DA:48,0
DA:52,1
DA:53,1
DA:54,0
DA:55,0
DA:56,0
DA:57,1
DA:59,1
DA:60,1
DA:61,1
DA:62,0
DA:63,0
DA:64,0
DA:65,1
DA:66,1
DA:68,0
DA:69,0
DA:70,0
DA:74,1
DA:75,1
DA:76,0
DA:77,0
DA:78,0
DA:79,1
DA:82,1
DA:85,1
DA:86,5
DA:87,1
DA:89,0
DA:93,1
DA:94,1
DA:95,1
DA:96,5
DA:97,1
DA:98,1
DA:100,0
DA:104,1
DA:105,1
DA:106,1
DA:107,5
DA:108,1
DA:109,1
DA:111,0
DA:115,1
DA:116,1
DA:119,1
DA:120,1
DA:121,0
DA:122,0
DA:123,0
DA:124,1
DA:126,1
DA:127,1
DA:128,1
DA:129,0
DA:130,0
DA:131,0
DA:132,1
DA:133,1
DA:135,0
DA:136,0
DA:137,0
DA:141,1
DA:142,1
DA:143,0
DA:144,1
DA:146,1
DA:147,5
DA:149,1
DA:150,1
DA:151,1
DA:154,0
DA:155,0
DA:156,0
DA:157,0
DA:158,0
DA:159,0
DA:160,0
DA:161,0
DA:163,0
DA:166,2
DA:167,2
DA:168,0
DA:169,0
DA:170,0
DA:171,2
DA:173,2
DA:174,2
DA:175,2
DA:176,0
DA:177,0
DA:178,0
DA:179,2
DA:180,2
DA:182,0
DA:183,0
DA:184,0
DA:188,9
DA:190,2
DA:191,2
DA:193,1
DA:196,1
DA:199,2
DA:200,2
DA:203,1
DA:204,1
DA:205,0
DA:206,0
DA:207,0
DA:208,1
DA:210,1
DA:211,1
DA:212,1
DA:213,0
DA:214,0
DA:215,0
DA:216,1
DA:217,1
DA:219,0
DA:220,0
DA:221,0
DA:225,1
DA:226,1
DA:227,5
DA:229,1
DA:230,1
DA:233,0
DA:234,0
DA:235,0
DA:236,0
DA:237,0
DA:238,0
DA:239,0
DA:241,0
DA:244,0
DA:245,0
DA:246,0
DA:247,0
DA:248,0
DA:249,0
DA:250,0
DA:252,0
DA:257,0
DA:258,0
DA:259,0
DA:260,0
DA:261,0
DA:262,0
DA:266,0
DA:269,0
DA:270,0
DA:271,0
DA:272,0
DA:274,0
DA:275,0
DA:276,0
DA:279,0
DA:280,0
DA:281,0
DA:282,0
DA:283,0
DA:284,0
DA:286,0
DA:287,0
DA:289,0
DA:290,0
DA:291,0
DA:292,0
DA:293,0
DA:297,0
DA:299,0
DA:300,0
DA:303,0
DA:304,0
DA:305,0
DA:306,0
DA:307,0
DA:308,0
DA:310,0
DA:311,0
DA:313,0
DA:314,0
DA:315,0
DA:316,0
DA:317,0
DA:319,0
DA:320,0
DA:321,0
DA:325,0
DA:327,0
DA:328,0
DA:335,1
DA:336,1
DA:337,1
DA:338,1
DA:341,1
DA:342,1
DA:343,0
DA:345,1
DA:348,1
DA:350,1
DA:351,1
DA:352,1
DA:354,1
DA:355,1
DA:356,0
DA:360,1
DA:361,1
DA:362,1
DA:364,1
DA:365,1
DA:366,0
DA:368,1
DA:371,1
DA:372,1
DA:373,1
DA:374,1
DA:377,1
DA:378,1
DA:379,0
DA:381,1
DA:384,1
DA:385,1
DA:386,1
DA:387,1
DA:389,1
DA:390,1
DA:391,1
DA:392,1
DA:393,1
DA:395,0
DA:397,1
BRF:0
BRH:0
LF:269
LH:115
end_of_record
SF:/Users/ravindraboddipalli/sources/xdl/xdl-stdlib/src/string.rs
FN:224,_RNCNvNtCs7X22eMfvUxK_10xdl_stdlib6string9string_fn0B5_
FN:8,_RNvMNtCs7X22eMfvUxK_10xdl_stdlib6stringNtB2_15StringFunctions3new
FN:156,_RNvNtCs7X22eMfvUxK_10xdl_stdlib6string10strlowcase
FN:20,_RNvNtCs7X22eMfvUxK_10xdl_stdlib6string6strlen
FN:77,_RNvNtCs7X22eMfvUxK_10xdl_stdlib6string6strmid
FN:42,_RNvNtCs7X22eMfvUxK_10xdl_stdlib6string6strpos
FN:179,_RNvNtCs7X22eMfvUxK_10xdl_stdlib6string9string_fn
FN:134,_RNvNtCs7X22eMfvUxK_10xdl_stdlib6string9strupcase
FN:14,_RNvXs_NtCs7X22eMfvUxK_10xdl_stdlib6stringNtB4_15StringFunctionsNtNtCs2CqrNpCrSUr_4core7default7Default7default
FN:224,_RNCNvNtCsgiIQ3x9G6Hx_10xdl_stdlib6string9string_fn0B5_
FN:8,_RNvMNtCsgiIQ3x9G6Hx_10xdl_stdlib6stringNtB2_15StringFunctions3new
FN:156,_RNvNtCsgiIQ3x9G6Hx_10xdl_stdlib6string10strlowcase
FN:20,_RNvNtCsgiIQ3x9G6Hx_10xdl_stdlib6string6strlen
FN:77,_RNvNtCsgiIQ3x9G6Hx_10xdl_stdlib6string6strmid
FN:42,_RNvNtCsgiIQ3x9G6Hx_10xdl_stdlib6string6strpos
FN:179,_RNvNtCsgiIQ3x9G6Hx_10xdl_stdlib6string9string_fn
FN:134,_RNvNtCsgiIQ3x9G6Hx_10xdl_stdlib6string9strupcase
FN:14,_RNvXs_NtCsgiIQ3x9G6Hx_10xdl_stdlib6stringNtB4_15StringFunctionsNtNtCs2CqrNpCrSUr_4core7default7Default7default
FNDA:0,_RNCNvNtCs7X22eMfvUxK_10xdl_stdlib6string9string_fn0B5_
FNDA:0,_RNvMNtCs7X22eMfvUxK_10xdl_stdlib6stringNtB2_15StringFunctions3new
FNDA:0,_RNvNtCs7X22eMfvUxK_10xdl_stdlib6string10strlowcase
FNDA:0,_RNvNtCs7X22eMfvUxK_10xdl_stdlib6string6strlen
FNDA:0,_RNvNtCs7X22eMfvUxK_10xdl_stdlib6string6strmid
FNDA:0,_RNvNtCs7X22eMfvUxK_10xdl_stdlib6string6strpos
FNDA:0,_RNvNtCs7X22eMfvUxK_10xdl_stdlib6string9string_fn
FNDA:0,_RNvNtCs7X22eMfvUxK_10xdl_stdlib6string9strupcase
FNDA:0,_RNvXs_NtCs7X22eMfvUxK_10xdl_stdlib6stringNtB4_15StringFunctionsNtNtCs2CqrNpCrSUr_4core7default7Default7default
FNDA:0,_RNCNvNtCsgiIQ3x9G6Hx_10xdl_stdlib6string9string_fn0B5_
FNDA:0,_RNvMNtCsgiIQ3x9G6Hx_10xdl_stdlib6stringNtB2_15StringFunctions3new
FNDA:0,_RNvNtCsgiIQ3x9G6Hx_10xdl_stdlib6string10strlowcase
FNDA:0,_RNvNtCsgiIQ3x9G6Hx_10xdl_stdlib6string6strlen
FNDA:0,_RNvNtCsgiIQ3x9G6Hx_10xdl_stdlib6string6strmid
FNDA:0,_RNvNtCsgiIQ3x9G6Hx_10xdl_stdlib6string6strpos
FNDA:0,_RNvNtCsgiIQ3x9G6Hx_10xdl_stdlib6string9string_fn
FNDA:0,_RNvNtCsgiIQ3x9G6Hx_10xdl_stdlib6string9strupcase
FNDA:0,_RNvXs_NtCsgiIQ3x9G6Hx_10xdl_stdlib6stringNtB4_15StringFunctionsNtNtCs2CqrNpCrSUr_4core7default7Default7default
FNF:9
FNH:0
DA:8,0
DA:9,0
DA:10,0
DA:14,0
DA:15,0
DA:16,0
DA:20,0
DA:21,0
DA:22,0
DA:23,0
DA:24,0
DA:25,0
DA:26,0
DA:28,0
DA:29,0
DA:31,0
DA:32,0
DA:33,0
DA:34,0
DA:38,0
DA:39,0
DA:42,0
DA:43,0
DA:44,0
DA:45,0
DA:46,0
DA:47,0
DA:48,0
DA:50,0
DA:51,0
DA:53,0
DA:54,0
DA:55,0
DA:56,0
DA:60,0
DA:61,0
DA:63,0
DA:64,0
DA:65,0
DA:66,0
DA:70,0
DA:71,0
DA:72,0
DA:74,0
DA:77,0
DA:78,0
DA:79,0
DA:80,0
DA:81,0
DA:82,0
DA:83,0
DA:85,0
DA:86,0
DA:88,0
DA:89,0
DA:90,0
DA:91,0
DA:95,0
DA:96,0
DA:97,0
DA:99,0
DA:100,0
DA:101,0
DA:102,0
DA:106,0
DA:107,0
DA:108,0
DA:109,0
DA:111,0
DA:112,0
DA:113,0
DA:114,0
DA:118,0
DA:119,0
DA:120,0
DA:122,0
DA:124,0
DA:125,0
DA:127,0
DA:130,0
DA:131,0
DA:134,0
DA:135,0
DA:136,0
DA:137,0
DA:138,0
DA:139,0
DA:140,0
DA:142,0
DA:143,0
DA:145,0
DA:146,0
DA:147,0
DA:148,0
DA:152,0
DA:153,0
DA:156,0
DA:157,0
DA:158,0
DA:159,0
DA:160,0
DA:161,0
DA:162,0
DA:164,0
DA:165,0
DA:167,0
DA:168,0
DA:169,0
DA:170,0
DA:174,0
DA:175,0
DA:179,0
DA:180,0
DA:181,0
DA:182,0
DA:183,0
DA:184,0
DA:188,0
DA:190,0
DA:191,0
DA:192,0
DA:193,0
DA:194,0
DA:196,0
DA:197,0
DA:199,0
DA:202,0
DA:204,0
DA:205,0
DA:207,0
DA:210,0
DA:211,0
DA:214,0
DA:216,0
DA:218,0
DA:220,0
DA:222,0
DA:223,0
DA:224,0
DA:225,0
DA:226,0
DA:227,0
DA:229,0
DA:230,0
DA:231,0
DA:232,0
DA:233,0
DA:234,0
DA:235,0
DA:236,0
DA:237,0
DA:238,0
DA:241,0
DA:242,0
BRF:0
BRH:0
LF:155
LH:0
end_of_record
SF:/Users/ravindraboddipalli/sources/xdl/xdl-stdlib/src/system.rs
FN:374,_RNvNtCs7X22eMfvUxK_10xdl_stdlib6system11catch_error
FN:338,_RNvNtCs7X22eMfvUxK_10xdl_stdlib6system11compile_pro
FN:315,_RNvNtCs7X22eMfvUxK_10xdl_stdlib6system13execute_batch
FN:266,_RNvNtCs7X22eMfvUxK_10xdl_stdlib6system14call_procedure
FN:361,_RNvNtCs7X22eMfvUxK_10xdl_stdlib6system18continue_execution
FN:8,_RNvNtCs7X22eMfvUxK_10xdl_stdlib6system18display_value_info
FN:200,_RNvNtCs7X22eMfvUxK_10xdl_stdlib6system2cd
FN:79,_RNvNtCs7X22eMfvUxK_10xdl_stdlib6system4help
FN:230,_RNvNtCs7X22eMfvUxK_10xdl_stdlib6system5spawn
FN:289,_RNvNtCs7X22eMfvUxK_10xdl_stdlib6system7defsysv
FN:374,_RNvNtCsgiIQ3x9G6Hx_10xdl_stdlib6system11catch_error
FN:338,_RNvNtCsgiIQ3x9G6Hx_10xdl_stdlib6system11compile_pro
FN:315,_RNvNtCsgiIQ3x9G6Hx_10xdl_stdlib6system13execute_batch
FN:266,_RNvNtCsgiIQ3x9G6Hx_10xdl_stdlib6system14call_procedure
FN:361,_RNvNtCsgiIQ3x9G6Hx_10xdl_stdlib6system18continue_execution
FN:8,_RNvNtCsgiIQ3x9G6Hx_10xdl_stdlib6system18display_value_info
FN:200,_RNvNtCsgiIQ3x9G6Hx_10xdl_stdlib6system2cd
FN:79,_RNvNtCsgiIQ3x9G6Hx_10xdl_stdlib6system4help
FN:230,_RNvNtCsgiIQ3x9G6Hx_10xdl_stdlib6system5spawn
FN:289,_RNvNtCsgiIQ3x9G6Hx_10xdl_stdlib6system7defsysv
FNDA:0,_RNvNtCs7X22eMfvUxK_10xdl_stdlib6system11catch_error
FNDA:0,_RNvNtCs7X22eMfvUxK_10xdl_stdlib6system11compile_pro
FNDA:0,_RNvNtCs7X22eMfvUxK_10xdl_stdlib6system13execute_batch
FNDA:0,_RNvNtCs7X22eMfvUxK_10xdl_stdlib6system14call_procedure
FNDA:0,_RNvNtCs7X22eMfvUxK_10xdl_stdlib6system18continue_execution
FNDA:0,_RNvNtCs7X22eMfvUxK_10xdl_stdlib6system18display_value_info
FNDA:0,_RNvNtCs7X22eMfvUxK_10xdl_stdlib6system2cd
FNDA:0,_RNvNtCs7X22eMfvUxK_10xdl_stdlib6system4help
FNDA:0,_RNvNtCs7X22eMfvUxK_10xdl_stdlib6system5spawn
FNDA:0,_RNvNtCs7X22eMfvUxK_10xdl_stdlib6system7defsysv
FNDA:0,_RNvNtCsgiIQ3x9G6Hx_10xdl_stdlib6system11catch_error
FNDA:0,_RNvNtCsgiIQ3x9G6Hx_10xdl_stdlib6system11compile_pro
FNDA:0,_RNvNtCsgiIQ3x9G6Hx_10xdl_stdlib6system13execute_batch
FNDA:0,_RNvNtCsgiIQ3x9G6Hx_10xdl_stdlib6system14call_procedure
FNDA:0,_RNvNtCsgiIQ3x9G6Hx_10xdl_stdlib6system18continue_execution
FNDA:0,_RNvNtCsgiIQ3x9G6Hx_10xdl_stdlib6system18display_value_info
FNDA:0,_RNvNtCsgiIQ3x9G6Hx_10xdl_stdlib6system2cd
FNDA:0,_RNvNtCsgiIQ3x9G6Hx_10xdl_stdlib6system4help
FNDA:0,_RNvNtCsgiIQ3x9G6Hx_10xdl_stdlib6system5spawn
FNDA:0,_RNvNtCsgiIQ3x9G6Hx_10xdl_stdlib6system7defsysv
FNF:10
FNH:0
DA:8,0
DA:9,0
DA:10,0
DA:11,0
DA:12,0
DA:13,0
DA:14,0
DA:15,0
DA:16,0
DA:17,0
DA:18,0
DA:19,0
DA:20,0
DA:21,0
DA:22,0
DA:23,0
DA:24,0
DA:25,0
DA:26,0
DA:27,0
DA:28,0
DA:29,0
DA:30,0
DA:31,0
DA:32,0
DA:33,0
DA:34,0
DA:35,0
DA:36,0
DA:37,0
DA:38,0
DA:39,0
DA:41,0
DA:42,0
DA:43,0
DA:44,0
DA:45,0
DA:46,0
DA:47,0
DA:48,0
DA:49,0
DA:50,0
DA:51,0
DA:52,0
DA:53,0
DA:54,0
DA:55,0
DA:56,0
DA:57,0
DA:58,0
DA:59,0
DA:60,0
DA:61,0
DA:62,0
DA:63,0
DA:64,0
DA:65,0
DA:66,0
DA:67,0
DA:68,0
DA:69,0
DA:70,0
DA:71,0
DA:72,0
DA:73,0
DA:74,0
DA:76,0
DA:79,0
DA:80,0
DA:81,0
DA:82,0
DA:83,0
DA:84,0
DA:85,0
DA:86,0
DA:87,0
DA:88,0
DA:89,0
DA:90,0
DA:91,0
DA:92,0
DA:93,0
DA:95,0
DA:96,0
DA:97,0
DA:99,0
DA:100,0
DA:101,0
DA:102,0
DA:103,0
DA:104,0
DA:105,0
DA:106,0
DA:107,0
DA:108,0
DA:109,0
DA:110,0
DA:111,0
DA:112,0
DA:113,0
DA:114,0
DA:115,0
DA:116,0
DA:117,0
DA:118,0
DA:119,0
DA:120,0
DA:121,0
DA:122,0
DA:123,0
DA:124,0
DA:125,0
DA:126,0
DA:127,0
DA:128,0
DA:129,0
DA:130,0
DA:131,0
DA:132,0
DA:133,0
DA:134,0
DA:135,0
DA:136,0
DA:137,0
DA:138,0
DA:139,0
DA:140,0
DA:141,0
DA:142,0
DA:143,0
DA:144,0
DA:145,0
DA:146,0
DA:147,0
DA:148,0
DA:149,0
DA:150,0
DA:151,0
DA:152,0
DA:153,0
DA:154,0
DA:155,0
DA:156,0
DA:157,0
DA:158,0
DA:159,0
DA:160,0
DA:161,0
DA:162,0
DA:163,0
DA:164,0
DA:165,0
DA:166,0
DA:167,0
DA:168,0
DA:169,0
DA:170,0
DA:171,0
DA:172,0
DA:173,0
DA:174,0
DA:175,0
DA:176,0
DA:177,0
DA:178,0
DA:179,0
DA:180,0
DA:181,0
DA:183,0
DA:184,0
DA:185,0
DA:186,0
DA:189,0
DA:190,0
DA:191,0
DA:193,0
DA:194,0
DA:195,0
DA:196,0
DA:197,0
DA:200,0
DA:201,0
DA:202,0
DA:203,0
DA:204,0
DA:205,0
DA:207,0
DA:208,0
DA:210,0
DA:211,0
DA:212,0
DA:213,0
DA:217,0
DA:219,0
DA:220,0
DA:222,0
DA:223,0
DA:224,0
DA:225,0
DA:227,0
DA:230,0
DA:231,0
DA:232,0
DA:233,0
DA:234,0
DA:235,0
DA:237,0
DA:238,0
DA:240,0
DA:241,0
DA:242,0
DA:243,0
DA:247,0
DA:248,0
DA:249,0
DA:250,0
DA:252,0
DA:253,0
DA:254,0
DA:255,0
DA:258,0
DA:259,0
DA:260,0
DA:261,0
DA:263,0
DA:266,0
DA:267,0
DA:268,0
DA:269,0
DA:270,0
DA:271,0
DA:273,0
DA:274,0
DA:276,0
DA:277,0
DA:278,0
DA:279,0
DA:284,0
DA:285,0
DA:286,0
DA:289,0
DA:290,0
DA:291,0
DA:292,0
DA:293,0
DA:294,0
DA:296,0
DA:297,0
DA:299,0
DA:300,0
DA:301,0
DA:302,0
DA:307,0
DA:308,0
DA:311,0
DA:312,0
DA:315,0
DA:316,0
DA:317,0
DA:318,0
DA:319,0
DA:320,0
DA:322,0
DA:323,0
DA:325,0
DA:326,0
DA:327,0
DA:328,0
DA:333,0
DA:334,0
DA:335,0
DA:338,0
DA:339,0
DA:340,0
DA:341,0
DA:342,0
DA:343,0
DA:345,0
DA:346,0
DA:348,0
DA:349,0
DA:350,0
DA:351,0
DA:356,0
DA:357,0
DA:358,0
DA:361,0
DA:362,0
DA:363,0
DA:364,0
DA:365,0
DA:366,0
DA:369,0
DA:370,0
DA:371,0
DA:374,0
DA:376,0
DA:377,0
DA:378,0
BRF:0
BRH:0
LF:299
LH:0
end_of_record
